#
# There is insufficient memory for the Java Runtime Environment to continue.
# Native memory allocation (mmap) failed to map 55574528 bytes for Failed to commit area from 0x00000000b0900000 to 0x00000000b3e00000 of length 55574528.
# Possible reasons:
#   The system is out of physical RAM or swap space
#   The process is running with CompressedOops enabled, and the Java Heap may be blocking the growth of the native heap
# Possible solutions:
#   Reduce memory load on the system
#   Increase physical memory or swap space
#   Check if swap backing store is full
#   Decrease Java heap size (-Xmx/-Xms)
#   Decrease number of Java threads
#   Decrease Java thread stack sizes (-Xss)
#   Set larger code cache with -XX:ReservedCodeCacheSize=
#   JVM is running with Unscaled Compressed Oops mode in which the Java heap is
#     placed in the first 4GB address space. The Java Heap base address is the
#     maximum limit for the native heap growth. Please use -XX:HeapBaseMinAddress
#     to set the Java Heap base and to place the Java Heap above 4GB virtual address.
# This output file may be truncated or incomplete.
#
#  Out of Memory Error (os_windows.cpp:3386), pid=13548, tid=31532
#
# JRE version: OpenJDK Runtime Environment Microsoft-8035250 (11.0.20+8) (build 11.0.20+8-LTS)
# Java VM: OpenJDK 64-Bit Server VM Microsoft-8035250 (11.0.20+8-LTS, mixed mode, tiered, compressed oops, g1 gc, windows-amd64)
# No core dump will be written. Minidumps are not enabled by default on client versions of Windows
#

---------------  S U M M A R Y ------------

Command Line: --add-opens=java.base/java.util=ALL-UNNAMED --add-opens=java.base/java.lang=ALL-UNNAMED --add-opens=java.base/java.lang.invoke=ALL-UNNAMED --add-opens=java.prefs/java.util.prefs=ALL-UNNAMED --add-opens=java.base/java.nio.charset=ALL-UNNAMED --add-opens=java.base/java.net=ALL-UNNAMED --add-opens=java.base/java.util.concurrent.atomic=ALL-UNNAMED -Xmx1536m -Dfile.encoding=x-windows-874 -Duser.country=US -Duser.language=en -Duser.variant org.gradle.launcher.daemon.bootstrap.GradleDaemon 8.0.1

Host: Intel(R) Core(TM) i5-10300H CPU @ 2.50GHz, 8 cores, 7G,  Windows 11 , 64 bit Build 22621 (10.0.22621.2428)
Time: Sat Nov  4 21:47:51 2023  Windows 11 , 64 bit Build 22621 (10.0.22621.2428) elapsed time: 45.003082 seconds (0d 0h 0m 45s)

---------------  T H R E A D  ---------------

Current thread (0x000001dfa758b000):  VMThread "VM Thread" [stack: 0x0000005a33600000,0x0000005a33700000] [id=31532]

Stack: [0x0000005a33600000,0x0000005a33700000]
[error occurred during error reporting (printing stack bounds), id 0xc0000005, EXCEPTION_ACCESS_VIOLATION (0xc0000005) at pc=0x000001df91f3112d]

Native frames: (J=compiled Java code, j=interpreted, Vv=VM code, C=native code)
V  [jvm.dll+0x62e9da]
V  [jvm.dll+0x7bc4e9]
V  [jvm.dll+0x7bdbd8]
V  [jvm.dll+0x7be215]
V  [jvm.dll+0x7be1cb]
V  [jvm.dll+0x62dd67]
V  [jvm.dll+0x62e478]
C  [ntdll.dll+0xa449f]
C  [ntdll.dll+0x1e456]
C  [ntdll.dll+0xa348e]
C  0x000001df91f3112d

VM_Operation (0x0000005a387f7290): G1CollectForAllocation, mode: safepoint, requested by thread 0x000001dfaded6800


---------------  P R O C E S S  ---------------

Threads class SMR info:
_java_thread_list=0x000001dfb4df1f10, length=136, elements={
0x000001df897bf800, 0x000001dfa758f800, 0x000001dfa75b9800, 0x000001dfa75cf800,
0x000001dfa75d0800, 0x000001dfa75d1800, 0x000001dfa75d4000, 0x000001dfa75de800,
0x000001dfa75dc000, 0x000001dfa80bc000, 0x000001dfa956a800, 0x000001dfa936f800,
0x000001dfa978e000, 0x000001dfa8f54000, 0x000001dfa94e6800, 0x000001dfa981d000,
0x000001dfa9335000, 0x000001dfa975a000, 0x000001dfa920f800, 0x000001dfa9a81000,
0x000001dfa9a7d000, 0x000001dfa9a7d800, 0x000001dfa9a7c000, 0x000001dfa9a82800,
0x000001dfa9a81800, 0x000001dfa9a7e800, 0x000001dfa9a7f000, 0x000001dfa9a80000,
0x000001dfaa33c000, 0x000001dfaa33e000, 0x000001dfaa341000, 0x000001dfaa33b800,
0x000001dfaa342000, 0x000001dfaa33f800, 0x000001dfaa33d000, 0x000001dfaa344800,
0x000001dfaa345000, 0x000001dfaa343800, 0x000001dfaa348800, 0x000001dfaa347800,
0x000001dfaa349000, 0x000001dfaa34a000, 0x000001dfaa347000, 0x000001dfaa346000,
0x000001dfac5c6800, 0x000001dfac5c9800, 0x000001dfac5ca800, 0x000001dfac5c8800,
0x000001dfac5cb000, 0x000001dfac5cc000, 0x000001dfac5cd000, 0x000001dfac5c7000,
0x000001dfac5cd800, 0x000001dfac5c8000, 0x000001dfac5d1800, 0x000001dfac5d3800,
0x000001dfac5d4000, 0x000001dfac5d2800, 0x000001dfac5cf800, 0x000001dfac5d0000,
0x000001dfac5d1000, 0x000001dfac5ce800, 0x000001dfac5d5000, 0x000001dfaded3800,
0x000001dfadecf800, 0x000001dfaded2000, 0x000001dfadece800, 0x000001dfaded6000,
0x000001dfaded5000, 0x000001dfaded4000, 0x000001dfaded0000, 0x000001dfaded6800,
0x000001dfaded7800, 0x000001dfaded8800, 0x000001dfaded2800, 0x000001dfadedb000,
0x000001dfaded9000, 0x000001dfadeda000, 0x000001dfadedb800, 0x000001dfadedc800,
0x000001dfadedd000, 0x000001dfa8f75000, 0x000001dfa8f76000, 0x000001dfa8f78800,
0x000001dfa8f7b000, 0x000001dfa8f7c800, 0x000001dfa8f7a000, 0x000001dfa8f77800,
0x000001dfa8f76800, 0x000001dfa8f7b800, 0x000001dfa8f7e000, 0x000001dfa8f79000,
0x000001dfa8f82000, 0x000001dfa8f83000, 0x000001dfa8f81800, 0x000001dfa8f7d800,
0x000001dfa8f84000, 0x000001dfa8f7f000, 0x000001dfa8f7f800, 0x000001dfa8f80800,
0x000001dfacfde000, 0x000001dfacfe0800, 0x000001dfacfde800, 0x000001dfacfe1000,
0x000001dfacfdf800, 0x000001dfacfe2000, 0x000001dfacfe3000, 0x000001dfacfdd000,
0x000001dfacfe9800, 0x000001dfacfe6000, 0x000001dfacfe3800, 0x000001dfacfe8800,
0x000001dfacfea000, 0x000001dfacfe5800, 0x000001dfacfe4800, 0x000001dfacfeb000,
0x000001dfacfec000, 0x000001dfacfe7800, 0x000001dfacfe7000, 0x000001dfacb63000,
0x000001dfacb60800, 0x000001dfacb61800, 0x000001dfacb64000, 0x000001dfacb5e800,
0x000001dfacb62800, 0x000001dfacb65000, 0x000001dfacb5f000, 0x000001dfacb65800,
0x000001dfacb60000, 0x000001dfacb69000, 0x000001dfacb66800, 0x000001dfacb6d000,
0x000001dfacb6b800, 0x000001dfacb69800, 0x000001dfacb6a800, 0x000001dfacb6c000
}

Java Threads: ( => current thread )
  0x000001df897bf800 JavaThread "main" [_thread_blocked, id=31108, stack(0x0000005a33000000,0x0000005a33100000)]
  0x000001dfa758f800 JavaThread "Reference Handler" daemon [_thread_blocked, id=31244, stack(0x0000005a33700000,0x0000005a33800000)]
  0x000001dfa75b9800 JavaThread "Finalizer" daemon [_thread_blocked, id=29772, stack(0x0000005a33800000,0x0000005a33900000)]
  0x000001dfa75cf800 JavaThread "Signal Dispatcher" daemon [_thread_blocked, id=32736, stack(0x0000005a33900000,0x0000005a33a00000)]
  0x000001dfa75d0800 JavaThread "Attach Listener" daemon [_thread_blocked, id=28448, stack(0x0000005a33a00000,0x0000005a33b00000)]
  0x000001dfa75d1800 JavaThread "Service Thread" daemon [_thread_blocked, id=23748, stack(0x0000005a33b00000,0x0000005a33c00000)]
  0x000001dfa75d4000 JavaThread "C2 CompilerThread0" daemon [_thread_in_native, id=9252, stack(0x0000005a33c00000,0x0000005a33d00000)]
  0x000001dfa75de800 JavaThread "C1 CompilerThread0" daemon [_thread_blocked, id=29348, stack(0x0000005a33d00000,0x0000005a33e00000)]
  0x000001dfa75dc000 JavaThread "Sweeper thread" daemon [_thread_blocked, id=20260, stack(0x0000005a33e00000,0x0000005a33f00000)]
  0x000001dfa80bc000 JavaThread "Common-Cleaner" daemon [_thread_blocked, id=29540, stack(0x0000005a33f00000,0x0000005a34000000)]
  0x000001dfa956a800 JavaThread "Daemon health stats" [_thread_blocked, id=26584, stack(0x0000005a34300000,0x0000005a34400000)]
  0x000001dfa936f800 JavaThread "Incoming local TCP Connector on port 51873" [_thread_in_native, id=15884, stack(0x0000005a34400000,0x0000005a34500000)]
  0x000001dfa978e000 JavaThread "Daemon periodic checks" [_thread_blocked, id=10880, stack(0x0000005a34500000,0x0000005a34600000)]
  0x000001dfa8f54000 JavaThread "Daemon" [_thread_blocked, id=14684, stack(0x0000005a34600000,0x0000005a34700000)]
  0x000001dfa94e6800 JavaThread "Handler for socket connection from /127.0.0.1:51873 to /127.0.0.1:51874" [_thread_in_native, id=19880, stack(0x0000005a34700000,0x0000005a34800000)]
  0x000001dfa981d000 JavaThread "Cancel handler" [_thread_blocked, id=19916, stack(0x0000005a34800000,0x0000005a34900000)]
  0x000001dfa9335000 JavaThread "Daemon worker" [_thread_blocked, id=17112, stack(0x0000005a34900000,0x0000005a34a00000)]
  0x000001dfa975a000 JavaThread "Asynchronous log dispatcher for DefaultDaemonConnection: socket connection from /127.0.0.1:51873 to /127.0.0.1:51874" [_thread_blocked, id=16412, stack(0x0000005a34a00000,0x0000005a34b00000)]
  0x000001dfa920f800 JavaThread "Stdin handler" [_thread_blocked, id=12608, stack(0x0000005a34b00000,0x0000005a34c00000)]
  0x000001dfa9a81000 JavaThread "Daemon client event forwarder" [_thread_blocked, id=24784, stack(0x0000005a34c00000,0x0000005a34d00000)]
  0x000001dfa9a7d000 JavaThread "Cache worker for journal cache (C:\Users\Nutdanai\.gradle\caches\journal-1)" [_thread_blocked, id=6600, stack(0x0000005a35400000,0x0000005a35500000)]
  0x000001dfa9a7d800 JavaThread "File lock request listener" [_thread_in_native, id=9044, stack(0x0000005a35500000,0x0000005a35600000)]
  0x000001dfa9a7c000 JavaThread "Cache worker for file hash cache (C:\Users\Nutdanai\.gradle\caches\8.0.1\fileHashes)" [_thread_blocked, id=2328, stack(0x0000005a35600000,0x0000005a35700000)]
  0x000001dfa9a82800 JavaThread "File watcher server" daemon [_thread_in_native, id=26188, stack(0x0000005a35700000,0x0000005a35800000)]
  0x000001dfa9a81800 JavaThread "File watcher consumer" daemon [_thread_blocked, id=4416, stack(0x0000005a35800000,0x0000005a35900000)]
  0x000001dfa9a7e800 JavaThread "Cache worker for checksums cache (C:\App\Travel\android\.gradle\8.0.1\checksums)" [_thread_blocked, id=25976, stack(0x0000005a35900000,0x0000005a35a00000)]
  0x000001dfa9a7f000 JavaThread "Cache worker for cache directory md-rule (C:\Users\Nutdanai\.gradle\caches\8.0.1\md-rule)" [_thread_blocked, id=6964, stack(0x0000005a35a00000,0x0000005a35b00000)]
  0x000001dfa9a80000 JavaThread "Cache worker for file content cache (C:\Users\Nutdanai\.gradle\caches\8.0.1\fileContent)" [_thread_blocked, id=23812, stack(0x0000005a35b00000,0x0000005a35c00000)]
  0x000001dfaa33c000 JavaThread "Cache worker for file hash cache (C:\App\Travel\android\.gradle\8.0.1\fileHashes)" [_thread_blocked, id=21340, stack(0x0000005a35c00000,0x0000005a35d00000)]
  0x000001dfaa33e000 JavaThread "Cache worker for cache directory md-supplier (C:\Users\Nutdanai\.gradle\caches\8.0.1\md-supplier)" [_thread_blocked, id=21928, stack(0x0000005a35d00000,0x0000005a35e00000)]
  0x000001dfaa341000 JavaThread "Cache worker for execution history cache (C:\Users\Nutdanai\.gradle\caches\8.0.1\executionHistory)" [_thread_blocked, id=24216, stack(0x0000005a35e00000,0x0000005a35f00000)]
  0x000001dfaa33b800 JavaThread "jar transforms" [_thread_blocked, id=29092, stack(0x0000005a35f00000,0x0000005a36000000)]
  0x000001dfaa342000 JavaThread "jar transforms Thread 2" [_thread_blocked, id=16524, stack(0x0000005a36000000,0x0000005a36100000)]
  0x000001dfaa33f800 JavaThread "jar transforms Thread 3" [_thread_blocked, id=7404, stack(0x0000005a36100000,0x0000005a36200000)]
  0x000001dfaa33d000 JavaThread "jar transforms Thread 4" [_thread_blocked, id=30992, stack(0x0000005a36200000,0x0000005a36300000)]
  0x000001dfaa344800 JavaThread "Cache worker for kotlin-dsl (C:\Users\Nutdanai\.gradle\caches\8.0.1\kotlin-dsl)" [_thread_blocked, id=24820, stack(0x0000005a36300000,0x0000005a36400000)]
  0x000001dfaa345000 JavaThread "jar transforms Thread 5" [_thread_blocked, id=32532, stack(0x0000005a36400000,0x0000005a36500000)]
  0x000001dfaa343800 JavaThread "jar transforms Thread 6" [_thread_blocked, id=29000, stack(0x0000005a36500000,0x0000005a36600000)]
  0x000001dfaa348800 JavaThread "Cache worker for dependencies-accessors (C:\App\Travel\android\.gradle\8.0.1\dependencies-accessors)" [_thread_blocked, id=23344, stack(0x0000005a36600000,0x0000005a36700000)]
  0x000001dfaa347800 JavaThread "Cache worker for Build Output Cleanup Cache (C:\App\Travel\node_modules\@react-native\gradle-plugin\.gradle\buildOutputCleanup)" [_thread_blocked, id=3544, stack(0x0000005a36700000,0x0000005a36800000)]
  0x000001dfaa349000 JavaThread "jar transforms Thread 7" [_thread_blocked, id=28420, stack(0x0000005a36800000,0x0000005a36900000)]
  0x000001dfaa34a000 JavaThread "Unconstrained build operations" [_thread_blocked, id=24696, stack(0x0000005a36900000,0x0000005a36a00000)]
  0x000001dfaa347000 JavaThread "Unconstrained build operations Thread 2" [_thread_blocked, id=5712, stack(0x0000005a36a00000,0x0000005a36b00000)]
  0x000001dfaa346000 JavaThread "Unconstrained build operations Thread 3" [_thread_blocked, id=26540, stack(0x0000005a36b00000,0x0000005a36c00000)]
  0x000001dfac5c6800 JavaThread "Unconstrained build operations Thread 4" [_thread_blocked, id=29596, stack(0x0000005a36c00000,0x0000005a36d00000)]
  0x000001dfac5c9800 JavaThread "Unconstrained build operations Thread 5" [_thread_blocked, id=14496, stack(0x0000005a36d00000,0x0000005a36e00000)]
  0x000001dfac5ca800 JavaThread "Unconstrained build operations Thread 6" [_thread_blocked, id=15096, stack(0x0000005a36e00000,0x0000005a36f00000)]
  0x000001dfac5c8800 JavaThread "Unconstrained build operations Thread 7" [_thread_blocked, id=21936, stack(0x0000005a36f00000,0x0000005a37000000)]
  0x000001dfac5cb000 JavaThread "Unconstrained build operations Thread 8" [_thread_blocked, id=17704, stack(0x0000005a37000000,0x0000005a37100000)]
  0x000001dfac5cc000 JavaThread "Unconstrained build operations Thread 9" [_thread_blocked, id=30488, stack(0x0000005a37100000,0x0000005a37200000)]
  0x000001dfac5cd000 JavaThread "Unconstrained build operations Thread 10" [_thread_blocked, id=31916, stack(0x0000005a37200000,0x0000005a37300000)]
  0x000001dfac5c7000 JavaThread "Unconstrained build operations Thread 11" [_thread_blocked, id=20656, stack(0x0000005a37300000,0x0000005a37400000)]
  0x000001dfac5cd800 JavaThread "Unconstrained build operations Thread 12" [_thread_blocked, id=22892, stack(0x0000005a37400000,0x0000005a37500000)]
  0x000001dfac5c8000 JavaThread "Unconstrained build operations Thread 13" [_thread_blocked, id=24320, stack(0x0000005a37500000,0x0000005a37600000)]
  0x000001dfac5d1800 JavaThread "Unconstrained build operations Thread 14" [_thread_blocked, id=8524, stack(0x0000005a37600000,0x0000005a37700000)]
  0x000001dfac5d3800 JavaThread "Unconstrained build operations Thread 15" [_thread_blocked, id=31092, stack(0x0000005a37700000,0x0000005a37800000)]
  0x000001dfac5d4000 JavaThread "Unconstrained build operations Thread 16" [_thread_blocked, id=24716, stack(0x0000005a37800000,0x0000005a37900000)]
  0x000001dfac5d2800 JavaThread "Unconstrained build operations Thread 17" [_thread_blocked, id=1516, stack(0x0000005a37900000,0x0000005a37a00000)]
  0x000001dfac5cf800 JavaThread "Unconstrained build operations Thread 18" [_thread_blocked, id=4904, stack(0x0000005a37a00000,0x0000005a37b00000)]
  0x000001dfac5d0000 JavaThread "Unconstrained build operations Thread 19" [_thread_blocked, id=20936, stack(0x0000005a37b00000,0x0000005a37c00000)]
  0x000001dfac5d1000 JavaThread "Unconstrained build operations Thread 20" [_thread_blocked, id=6968, stack(0x0000005a37c00000,0x0000005a37d00000)]
  0x000001dfac5ce800 JavaThread "Unconstrained build operations Thread 21" [_thread_blocked, id=26744, stack(0x0000005a37d00000,0x0000005a37e00000)]
  0x000001dfac5d5000 JavaThread "Unconstrained build operations Thread 22" [_thread_blocked, id=30216, stack(0x0000005a37e00000,0x0000005a37f00000)]
  0x000001dfaded3800 JavaThread "Unconstrained build operations Thread 23" [_thread_blocked, id=18256, stack(0x0000005a37f00000,0x0000005a38000000)]
  0x000001dfadecf800 JavaThread "Unconstrained build operations Thread 24" [_thread_blocked, id=4928, stack(0x0000005a38000000,0x0000005a38100000)]
  0x000001dfaded2000 JavaThread "Unconstrained build operations Thread 25" [_thread_blocked, id=25424, stack(0x0000005a38100000,0x0000005a38200000)]
  0x000001dfadece800 JavaThread "Unconstrained build operations Thread 26" [_thread_blocked, id=12496, stack(0x0000005a38200000,0x0000005a38300000)]
  0x000001dfaded6000 JavaThread "jar transforms Thread 8" [_thread_blocked, id=21272, stack(0x0000005a38300000,0x0000005a38400000)]
  0x000001dfaded5000 JavaThread "Memory manager" [_thread_blocked, id=31560, stack(0x0000005a38400000,0x0000005a38500000)]
  0x000001dfaded4000 JavaThread "Cache worker for Build Output Cleanup Cache (C:\App\Travel\android\.gradle\buildOutputCleanup)" [_thread_blocked, id=2772, stack(0x0000005a38500000,0x0000005a38600000)]
  0x000001dfaded0000 JavaThread "included builds" [_thread_blocked, id=12220, stack(0x0000005a38600000,0x0000005a38700000)]
  0x000001dfaded6800 JavaThread "Execution worker" [_thread_blocked, id=32336, stack(0x0000005a38700000,0x0000005a38800000)]
  0x000001dfaded7800 JavaThread "Execution worker Thread 2" [_thread_blocked, id=12304, stack(0x0000005a38800000,0x0000005a38900000)]
  0x000001dfaded8800 JavaThread "Execution worker Thread 3" [_thread_blocked, id=12316, stack(0x0000005a38900000,0x0000005a38a00000)]
  0x000001dfaded2800 JavaThread "Execution worker Thread 4" [_thread_blocked, id=6024, stack(0x0000005a38a00000,0x0000005a38b00000)]
  0x000001dfadedb000 JavaThread "Execution worker Thread 5" [_thread_blocked, id=26156, stack(0x0000005a38b00000,0x0000005a38c00000)]
  0x000001dfaded9000 JavaThread "Execution worker Thread 6" [_thread_blocked, id=32724, stack(0x0000005a38c00000,0x0000005a38d00000)]
  0x000001dfadeda000 JavaThread "Execution worker Thread 7" [_thread_blocked, id=1216, stack(0x0000005a38d00000,0x0000005a38e00000)]
  0x000001dfadedb800 JavaThread "Cache worker for execution history cache (C:\App\Travel\node_modules\@react-native\gradle-plugin\.gradle\8.0.1\executionHistory)" [_thread_blocked, id=4816, stack(0x0000005a38e00000,0x0000005a38f00000)]
  0x000001dfadedc800 JavaThread "Unconstrained build operations Thread 27" [_thread_blocked, id=22140, stack(0x0000005a38f00000,0x0000005a39000000)]
  0x000001dfadedd000 JavaThread "Unconstrained build operations Thread 28" [_thread_blocked, id=1660, stack(0x0000005a39000000,0x0000005a39100000)]
  0x000001dfa8f75000 JavaThread "Unconstrained build operations Thread 29" [_thread_blocked, id=8876, stack(0x0000005a39100000,0x0000005a39200000)]
  0x000001dfa8f76000 JavaThread "Unconstrained build operations Thread 30" [_thread_blocked, id=25908, stack(0x0000005a39200000,0x0000005a39300000)]
  0x000001dfa8f78800 JavaThread "Unconstrained build operations Thread 31" [_thread_blocked, id=21108, stack(0x0000005a39300000,0x0000005a39400000)]
  0x000001dfa8f7b000 JavaThread "Unconstrained build operations Thread 32" [_thread_blocked, id=18788, stack(0x0000005a39400000,0x0000005a39500000)]
  0x000001dfa8f7c800 JavaThread "Unconstrained build operations Thread 33" [_thread_blocked, id=31584, stack(0x0000005a39500000,0x0000005a39600000)]
  0x000001dfa8f7a000 JavaThread "Unconstrained build operations Thread 34" [_thread_blocked, id=16812, stack(0x0000005a39600000,0x0000005a39700000)]
  0x000001dfa8f77800 JavaThread "Unconstrained build operations Thread 35" [_thread_blocked, id=32448, stack(0x0000005a39700000,0x0000005a39800000)]
  0x000001dfa8f76800 JavaThread "Unconstrained build operations Thread 36" [_thread_blocked, id=25888, stack(0x0000005a39800000,0x0000005a39900000)]
  0x000001dfa8f7b800 JavaThread "Unconstrained build operations Thread 37" [_thread_blocked, id=23504, stack(0x0000005a39900000,0x0000005a39a00000)]
  0x000001dfa8f7e000 JavaThread "Unconstrained build operations Thread 38" [_thread_blocked, id=25108, stack(0x0000005a39a00000,0x0000005a39b00000)]
  0x000001dfa8f79000 JavaThread "Unconstrained build operations Thread 39" [_thread_blocked, id=26392, stack(0x0000005a39b00000,0x0000005a39c00000)]
  0x000001dfa8f82000 JavaThread "Unconstrained build operations Thread 40" [_thread_blocked, id=29232, stack(0x0000005a39c00000,0x0000005a39d00000)]
  0x000001dfa8f83000 JavaThread "Unconstrained build operations Thread 41" [_thread_blocked, id=23092, stack(0x0000005a39d00000,0x0000005a39e00000)]
  0x000001dfa8f81800 JavaThread "Unconstrained build operations Thread 42" [_thread_blocked, id=3956, stack(0x0000005a39e00000,0x0000005a39f00000)]
  0x000001dfa8f7d800 JavaThread "Unconstrained build operations Thread 43" [_thread_blocked, id=26280, stack(0x0000005a39f00000,0x0000005a3a000000)]
  0x000001dfa8f84000 JavaThread "Unconstrained build operations Thread 44" [_thread_blocked, id=2376, stack(0x0000005a3a000000,0x0000005a3a100000)]
  0x000001dfa8f7f000 JavaThread "Unconstrained build operations Thread 45" [_thread_blocked, id=14892, stack(0x0000005a3a100000,0x0000005a3a200000)]
  0x000001dfa8f7f800 JavaThread "Unconstrained build operations Thread 46" [_thread_blocked, id=8536, stack(0x0000005a3a200000,0x0000005a3a300000)]
  0x000001dfa8f80800 JavaThread "Unconstrained build operations Thread 47" [_thread_blocked, id=6688, stack(0x0000005a3a300000,0x0000005a3a400000)]
  0x000001dfacfde000 JavaThread "Unconstrained build operations Thread 48" [_thread_blocked, id=32344, stack(0x0000005a3a400000,0x0000005a3a500000)]
  0x000001dfacfe0800 JavaThread "Unconstrained build operations Thread 49" [_thread_blocked, id=26748, stack(0x0000005a3a500000,0x0000005a3a600000)]
  0x000001dfacfde800 JavaThread "Unconstrained build operations Thread 50" [_thread_blocked, id=31324, stack(0x0000005a3a600000,0x0000005a3a700000)]
  0x000001dfacfe1000 JavaThread "Unconstrained build operations Thread 51" [_thread_blocked, id=26252, stack(0x0000005a3a700000,0x0000005a3a800000)]
  0x000001dfacfdf800 JavaThread "Unconstrained build operations Thread 52" [_thread_blocked, id=24472, stack(0x0000005a3a800000,0x0000005a3a900000)]
  0x000001dfacfe2000 JavaThread "Unconstrained build operations Thread 53" [_thread_blocked, id=10816, stack(0x0000005a3a900000,0x0000005a3aa00000)]
  0x000001dfacfe3000 JavaThread "Unconstrained build operations Thread 54" [_thread_blocked, id=27312, stack(0x0000005a3aa00000,0x0000005a3ab00000)]
  0x000001dfacfdd000 JavaThread "Unconstrained build operations Thread 55" [_thread_blocked, id=11116, stack(0x0000005a3ab00000,0x0000005a3ac00000)]
  0x000001dfacfe9800 JavaThread "Unconstrained build operations Thread 56" [_thread_blocked, id=28696, stack(0x0000005a3ac00000,0x0000005a3ad00000)]
  0x000001dfacfe6000 JavaThread "Unconstrained build operations Thread 57" [_thread_blocked, id=32004, stack(0x0000005a3ad00000,0x0000005a3ae00000)]
  0x000001dfacfe3800 JavaThread "Unconstrained build operations Thread 58" [_thread_blocked, id=11992, stack(0x0000005a3ae00000,0x0000005a3af00000)]
  0x000001dfacfe8800 JavaThread "Unconstrained build operations Thread 59" [_thread_blocked, id=26384, stack(0x0000005a3af00000,0x0000005a3b000000)]
  0x000001dfacfea000 JavaThread "Unconstrained build operations Thread 60" [_thread_blocked, id=21604, stack(0x0000005a3b000000,0x0000005a3b100000)]
  0x000001dfacfe5800 JavaThread "Unconstrained build operations Thread 61" [_thread_blocked, id=23440, stack(0x0000005a3b100000,0x0000005a3b200000)]
  0x000001dfacfe4800 JavaThread "Unconstrained build operations Thread 62" [_thread_blocked, id=23008, stack(0x0000005a3b200000,0x0000005a3b300000)]
  0x000001dfacfeb000 JavaThread "Unconstrained build operations Thread 63" [_thread_blocked, id=30984, stack(0x0000005a3b300000,0x0000005a3b400000)]
  0x000001dfacfec000 JavaThread "Unconstrained build operations Thread 64" [_thread_blocked, id=28780, stack(0x0000005a3b400000,0x0000005a3b500000)]
  0x000001dfacfe7800 JavaThread "Unconstrained build operations Thread 65" [_thread_blocked, id=30916, stack(0x0000005a3b500000,0x0000005a3b600000)]
  0x000001dfacfe7000 JavaThread "Unconstrained build operations Thread 66" [_thread_blocked, id=22732, stack(0x0000005a3b600000,0x0000005a3b700000)]
  0x000001dfacb63000 JavaThread "Unconstrained build operations Thread 67" [_thread_blocked, id=26412, stack(0x0000005a3b700000,0x0000005a3b800000)]
  0x000001dfacb60800 JavaThread "Unconstrained build operations Thread 68" [_thread_blocked, id=30396, stack(0x0000005a3b800000,0x0000005a3b900000)]
  0x000001dfacb61800 JavaThread "Unconstrained build operations Thread 69" [_thread_blocked, id=32380, stack(0x0000005a3b900000,0x0000005a3ba00000)]
  0x000001dfacb64000 JavaThread "Unconstrained build operations Thread 70" [_thread_blocked, id=24836, stack(0x0000005a3ba00000,0x0000005a3bb00000)]
  0x000001dfacb5e800 JavaThread "Unconstrained build operations Thread 71" [_thread_blocked, id=32348, stack(0x0000005a3bb00000,0x0000005a3bc00000)]
  0x000001dfacb62800 JavaThread "Unconstrained build operations Thread 72" [_thread_blocked, id=30176, stack(0x0000005a3bc00000,0x0000005a3bd00000)]
  0x000001dfacb65000 JavaThread "Unconstrained build operations Thread 73" [_thread_blocked, id=11324, stack(0x0000005a3bd00000,0x0000005a3be00000)]
  0x000001dfacb5f000 JavaThread "Unconstrained build operations Thread 74" [_thread_blocked, id=16084, stack(0x0000005a3be00000,0x0000005a3bf00000)]
  0x000001dfacb65800 JavaThread "Unconstrained build operations Thread 75" [_thread_blocked, id=26560, stack(0x0000005a3bf00000,0x0000005a3c000000)]
  0x000001dfacb60000 JavaThread "Unconstrained build operations Thread 76" [_thread_blocked, id=23820, stack(0x0000005a3c000000,0x0000005a3c100000)]
  0x000001dfacb69000 JavaThread "Unconstrained build operations Thread 77" [_thread_blocked, id=32680, stack(0x0000005a3c100000,0x0000005a3c200000)]
  0x000001dfacb66800 JavaThread "Unconstrained build operations Thread 78" [_thread_blocked, id=29204, stack(0x0000005a3c200000,0x0000005a3c300000)]
  0x000001dfacb6d000 JavaThread "Unconstrained build operations Thread 79" [_thread_blocked, id=19436, stack(0x0000005a3c300000,0x0000005a3c400000)]
  0x000001dfacb6b800 JavaThread "Unconstrained build operations Thread 80" [_thread_blocked, id=22628, stack(0x0000005a3c400000,0x0000005a3c500000)]
  0x000001dfacb69800 JavaThread "pool-3-thread-1" [_thread_blocked, id=29664, stack(0x0000005a3c700000,0x0000005a3c800000)]
  0x000001dfacb6a800 JavaThread "build event listener" [_thread_blocked, id=16064, stack(0x0000005a3c800000,0x0000005a3c900000)]
  0x000001dfacb6c000 JavaThread "Cache worker for execution history cache (C:\App\Travel\android\.gradle\8.0.1\executionHistory)" [_thread_blocked, id=17488, stack(0x0000005a3c900000,0x0000005a3ca00000)]

Other Threads:
=>0x000001dfa758b000 VMThread "VM Thread" [stack: 0x0000005a33600000,0x0000005a33700000] [id=31532]
  0x000001dfa80cd800 WatcherThread [stack: 0x0000005a34000000,0x0000005a34100000] [id=28596]
  0x000001df897d9000 GCTaskThread "GC Thread#0" [stack: 0x0000005a33100000,0x0000005a33200000] [id=11612]
  0x000001dfa8b4d800 GCTaskThread "GC Thread#1" [stack: 0x0000005a34100000,0x0000005a34200000] [id=20444]
  0x000001dfa8c25000 GCTaskThread "GC Thread#2" [stack: 0x0000005a34200000,0x0000005a34300000] [id=27412]
  0x000001dfaa0f2800 GCTaskThread "GC Thread#3" [stack: 0x0000005a34d00000,0x0000005a34e00000] [id=14884]
  0x000001dfa97ff800 GCTaskThread "GC Thread#4" [stack: 0x0000005a34e00000,0x0000005a34f00000] [id=15628]
  0x000001dfa9800000 GCTaskThread "GC Thread#5" [stack: 0x0000005a34f00000,0x0000005a35000000] [id=17020]
  0x000001dfa8e60000 GCTaskThread "GC Thread#6" [stack: 0x0000005a35000000,0x0000005a35100000] [id=16652]
  0x000001dfa8e61000 GCTaskThread "GC Thread#7" [stack: 0x0000005a35100000,0x0000005a35200000] [id=14596]
  0x000001df897ff800 ConcurrentGCThread "G1 Main Marker" [stack: 0x0000005a33200000,0x0000005a33300000] [id=31036]
  0x000001df89803000 ConcurrentGCThread "G1 Conc#0" [stack: 0x0000005a33300000,0x0000005a33400000] [id=25648]
  0x000001dfaa154800 ConcurrentGCThread "G1 Conc#1" [stack: 0x0000005a35300000,0x0000005a35400000] [id=20960]
  0x000001df8988e800 ConcurrentGCThread "G1 Refine#0" [stack: 0x0000005a33400000,0x0000005a33500000] [id=8940]
  0x000001dfa8af0800 ConcurrentGCThread "G1 Refine#1" [stack: 0x0000005a35200000,0x0000005a35300000] [id=27152]
  0x000001dfa73f2800 ConcurrentGCThread "G1 Young RemSet Sampling" [stack: 0x0000005a33500000,0x0000005a33600000] [id=30688]

Threads with active compile tasks:
C2 CompilerThread0    45032 12634       4       java.lang.Class::annotationData (44 bytes)

VM state:at safepoint (normal execution)

VM Mutex/Monitor currently owned by a thread:  ([mutex/lock_event])
[0x000001df897bc240] Threads_lock - owner thread: 0x000001dfa758b000
[0x000001df897bc000] Heap_lock - owner thread: 0x000001dfaded6800

Heap address: 0x00000000a0000000, size: 1536 MB, Compressed Oops mode: 32-bit
Narrow klass base: 0x0000000000000000, Narrow klass shift: 3
Compressed class space size: 1073741824 Address: 0x0000000100000000

Heap:
 garbage-first heap   total 325632K, used 170772K [0x00000000a0000000, 0x0000000100000000)
  region size 1024K, 4 young (4096K), 4 survivors (4096K)
 Metaspace       used 107294K, capacity 111662K, committed 111752K, reserved 1144832K
  class space    used 14005K, capacity 15726K, committed 15744K, reserved 1048576K
Heap Regions: E=young(eden), S=young(survivor), O=old, HS=humongous(starts), HC=humongous(continues), CS=collection set, F=free, A=archive, TAMS=top-at-mark-start (previous, next)
|   0|0x00000000a0000000, 0x00000000a0100000, 0x00000000a0100000|100%|HS|  |TAMS 0x00000000a0100000, 0x00000000a0000000| Complete 
|   1|0x00000000a0100000, 0x00000000a0200000, 0x00000000a0200000|100%|HC|  |TAMS 0x00000000a0200000, 0x00000000a0100000| Complete 
|   2|0x00000000a0200000, 0x00000000a0300000, 0x00000000a0300000|100%|HC|  |TAMS 0x00000000a0300000, 0x00000000a0200000| Complete 
|   3|0x00000000a0300000, 0x00000000a0400000, 0x00000000a0400000|100%|HC|  |TAMS 0x00000000a0400000, 0x00000000a0300000| Complete 
|   4|0x00000000a0400000, 0x00000000a0500000, 0x00000000a0500000|100%| O|  |TAMS 0x00000000a0500000, 0x00000000a0400000| Untracked 
|   5|0x00000000a0500000, 0x00000000a0600000, 0x00000000a0600000|100%| O|  |TAMS 0x00000000a0600000, 0x00000000a0500000| Untracked 
|   6|0x00000000a0600000, 0x00000000a0700000, 0x00000000a0700000|100%| O|  |TAMS 0x00000000a0700000, 0x00000000a0600000| Untracked 
|   7|0x00000000a0700000, 0x00000000a0800000, 0x00000000a0800000|100%| O|  |TAMS 0x00000000a0800000, 0x00000000a0700000| Untracked 
|   8|0x00000000a0800000, 0x00000000a0900000, 0x00000000a0900000|100%| O|  |TAMS 0x00000000a0900000, 0x00000000a0800000| Untracked 
|   9|0x00000000a0900000, 0x00000000a0a00000, 0x00000000a0a00000|100%| O|  |TAMS 0x00000000a0a00000, 0x00000000a0900000| Untracked 
|  10|0x00000000a0a00000, 0x00000000a0b00000, 0x00000000a0b00000|100%| O|  |TAMS 0x00000000a0b00000, 0x00000000a0a00000| Untracked 
|  11|0x00000000a0b00000, 0x00000000a0c00000, 0x00000000a0c00000|100%| O|  |TAMS 0x00000000a0c00000, 0x00000000a0b00000| Untracked 
|  12|0x00000000a0c00000, 0x00000000a0d00000, 0x00000000a0d00000|100%| O|  |TAMS 0x00000000a0d00000, 0x00000000a0c00000| Untracked 
|  13|0x00000000a0d00000, 0x00000000a0e00000, 0x00000000a0e00000|100%| O|  |TAMS 0x00000000a0e00000, 0x00000000a0d00000| Untracked 
|  14|0x00000000a0e00000, 0x00000000a0f00000, 0x00000000a0f00000|100%| O|  |TAMS 0x00000000a0f00000, 0x00000000a0e00000| Untracked 
|  15|0x00000000a0f00000, 0x00000000a1000000, 0x00000000a1000000|100%| O|  |TAMS 0x00000000a1000000, 0x00000000a0f00000| Untracked 
|  16|0x00000000a1000000, 0x00000000a1100000, 0x00000000a1100000|100%| O|  |TAMS 0x00000000a1100000, 0x00000000a1000000| Untracked 
|  17|0x00000000a1100000, 0x00000000a1200000, 0x00000000a1200000|100%| O|  |TAMS 0x00000000a1200000, 0x00000000a1100000| Untracked 
|  18|0x00000000a1200000, 0x00000000a1300000, 0x00000000a1300000|100%| O|  |TAMS 0x00000000a1300000, 0x00000000a1200000| Untracked 
|  19|0x00000000a1300000, 0x00000000a1400000, 0x00000000a1400000|100%| O|  |TAMS 0x00000000a1400000, 0x00000000a1300000| Untracked 
|  20|0x00000000a1400000, 0x00000000a1500000, 0x00000000a1500000|100%| O|  |TAMS 0x00000000a1500000, 0x00000000a1400000| Untracked 
|  21|0x00000000a1500000, 0x00000000a1600000, 0x00000000a1600000|100%| O|  |TAMS 0x00000000a1600000, 0x00000000a1500000| Untracked 
|  22|0x00000000a1600000, 0x00000000a1700000, 0x00000000a1700000|100%| O|  |TAMS 0x00000000a1700000, 0x00000000a1600000| Untracked 
|  23|0x00000000a1700000, 0x00000000a1800000, 0x00000000a1800000|100%| O|  |TAMS 0x00000000a1800000, 0x00000000a1700000| Untracked 
|  24|0x00000000a1800000, 0x00000000a1900000, 0x00000000a1900000|100%| O|  |TAMS 0x00000000a1900000, 0x00000000a1800000| Untracked 
|  25|0x00000000a1900000, 0x00000000a1a00000, 0x00000000a1a00000|100%| O|  |TAMS 0x00000000a1a00000, 0x00000000a1900000| Untracked 
|  26|0x00000000a1a00000, 0x00000000a1b00000, 0x00000000a1b00000|100%| O|  |TAMS 0x00000000a1b00000, 0x00000000a1a00000| Untracked 
|  27|0x00000000a1b00000, 0x00000000a1c00000, 0x00000000a1c00000|100%| O|  |TAMS 0x00000000a1c00000, 0x00000000a1b00000| Untracked 
|  28|0x00000000a1c00000, 0x00000000a1d00000, 0x00000000a1d00000|100%| O|  |TAMS 0x00000000a1d00000, 0x00000000a1c00000| Untracked 
|  29|0x00000000a1d00000, 0x00000000a1e00000, 0x00000000a1e00000|100%| O|  |TAMS 0x00000000a1e00000, 0x00000000a1d00000| Untracked 
|  30|0x00000000a1e00000, 0x00000000a1f00000, 0x00000000a1f00000|100%| O|  |TAMS 0x00000000a1f00000, 0x00000000a1e00000| Untracked 
|  31|0x00000000a1f00000, 0x00000000a2000000, 0x00000000a2000000|100%|HS|  |TAMS 0x00000000a2000000, 0x00000000a1f00000| Complete 
|  32|0x00000000a2000000, 0x00000000a2100000, 0x00000000a2100000|100%|HC|  |TAMS 0x00000000a2100000, 0x00000000a2000000| Complete 
|  33|0x00000000a2100000, 0x00000000a2200000, 0x00000000a2200000|100%|HS|  |TAMS 0x00000000a2200000, 0x00000000a2100000| Complete 
|  34|0x00000000a2200000, 0x00000000a2300000, 0x00000000a2300000|100%|HC|  |TAMS 0x00000000a2300000, 0x00000000a2200000| Complete 
|  35|0x00000000a2300000, 0x00000000a2400000, 0x00000000a2400000|100%|HC|  |TAMS 0x00000000a2400000, 0x00000000a2300000| Complete 
|  36|0x00000000a2400000, 0x00000000a2500000, 0x00000000a2500000|100%|HC|  |TAMS 0x00000000a2500000, 0x00000000a2400000| Complete 
|  37|0x00000000a2500000, 0x00000000a2600000, 0x00000000a2600000|100%| O|  |TAMS 0x00000000a2600000, 0x00000000a2500000| Untracked 
|  38|0x00000000a2600000, 0x00000000a2700000, 0x00000000a2700000|100%| O|  |TAMS 0x00000000a2700000, 0x00000000a2600000| Untracked 
|  39|0x00000000a2700000, 0x00000000a2800000, 0x00000000a2800000|100%| O|  |TAMS 0x00000000a2800000, 0x00000000a2700000| Untracked 
|  40|0x00000000a2800000, 0x00000000a2900000, 0x00000000a2900000|100%| O|  |TAMS 0x00000000a2900000, 0x00000000a2800000| Untracked 
|  41|0x00000000a2900000, 0x00000000a2a00000, 0x00000000a2a00000|100%| O|  |TAMS 0x00000000a2a00000, 0x00000000a2900000| Untracked 
|  42|0x00000000a2a00000, 0x00000000a2b00000, 0x00000000a2b00000|100%| O|  |TAMS 0x00000000a2b00000, 0x00000000a2a00000| Untracked 
|  43|0x00000000a2b00000, 0x00000000a2c00000, 0x00000000a2c00000|100%| O|  |TAMS 0x00000000a2c00000, 0x00000000a2b00000| Untracked 
|  44|0x00000000a2c00000, 0x00000000a2d00000, 0x00000000a2d00000|100%| O|  |TAMS 0x00000000a2d00000, 0x00000000a2c00000| Untracked 
|  45|0x00000000a2d00000, 0x00000000a2e00000, 0x00000000a2e00000|100%| O|  |TAMS 0x00000000a2e00000, 0x00000000a2d00000| Untracked 
|  46|0x00000000a2e00000, 0x00000000a2f00000, 0x00000000a2f00000|100%| O|  |TAMS 0x00000000a2f00000, 0x00000000a2e00000| Untracked 
|  47|0x00000000a2f00000, 0x00000000a3000000, 0x00000000a3000000|100%| O|  |TAMS 0x00000000a3000000, 0x00000000a2f00000| Untracked 
|  48|0x00000000a3000000, 0x00000000a3100000, 0x00000000a3100000|100%| O|  |TAMS 0x00000000a3100000, 0x00000000a3000000| Untracked 
|  49|0x00000000a3100000, 0x00000000a3200000, 0x00000000a3200000|100%| O|  |TAMS 0x00000000a3200000, 0x00000000a3100000| Untracked 
|  50|0x00000000a3200000, 0x00000000a3300000, 0x00000000a3300000|100%| O|  |TAMS 0x00000000a3300000, 0x00000000a3200000| Untracked 
|  51|0x00000000a3300000, 0x00000000a3400000, 0x00000000a3400000|100%| O|  |TAMS 0x00000000a3400000, 0x00000000a3300000| Untracked 
|  52|0x00000000a3400000, 0x00000000a3500000, 0x00000000a3500000|100%| O|  |TAMS 0x00000000a3500000, 0x00000000a3400000| Untracked 
|  53|0x00000000a3500000, 0x00000000a3600000, 0x00000000a3600000|100%| O|  |TAMS 0x00000000a3600000, 0x00000000a3500000| Untracked 
|  54|0x00000000a3600000, 0x00000000a3700000, 0x00000000a3700000|100%| O|  |TAMS 0x00000000a3700000, 0x00000000a3600000| Untracked 
|  55|0x00000000a3700000, 0x00000000a3800000, 0x00000000a3800000|100%|HS|  |TAMS 0x00000000a3800000, 0x00000000a3700000| Complete 
|  56|0x00000000a3800000, 0x00000000a3900000, 0x00000000a3900000|100%|HS|  |TAMS 0x00000000a3900000, 0x00000000a3800000| Complete 
|  57|0x00000000a3900000, 0x00000000a3a00000, 0x00000000a3a00000|100%| O|  |TAMS 0x00000000a3a00000, 0x00000000a3900000| Untracked 
|  58|0x00000000a3a00000, 0x00000000a3b00000, 0x00000000a3b00000|100%| O|  |TAMS 0x00000000a3b00000, 0x00000000a3a00000| Untracked 
|  59|0x00000000a3b00000, 0x00000000a3c00000, 0x00000000a3c00000|100%| O|  |TAMS 0x00000000a3c00000, 0x00000000a3b00000| Untracked 
|  60|0x00000000a3c00000, 0x00000000a3d00000, 0x00000000a3d00000|100%| O|  |TAMS 0x00000000a3d00000, 0x00000000a3c00000| Untracked 
|  61|0x00000000a3d00000, 0x00000000a3e00000, 0x00000000a3e00000|100%| O|  |TAMS 0x00000000a3e00000, 0x00000000a3d00000| Untracked 
|  62|0x00000000a3e00000, 0x00000000a3f00000, 0x00000000a3f00000|100%| O|  |TAMS 0x00000000a3f00000, 0x00000000a3e00000| Untracked 
|  63|0x00000000a3f00000, 0x00000000a4000000, 0x00000000a4000000|100%| O|  |TAMS 0x00000000a4000000, 0x00000000a3f00000| Untracked 
|  64|0x00000000a4000000, 0x00000000a4100000, 0x00000000a4100000|100%| O|  |TAMS 0x00000000a4100000, 0x00000000a4000000| Untracked 
|  65|0x00000000a4100000, 0x00000000a4200000, 0x00000000a4200000|100%| O|  |TAMS 0x00000000a4200000, 0x00000000a4100000| Untracked 
|  66|0x00000000a4200000, 0x00000000a4300000, 0x00000000a4300000|100%| O|  |TAMS 0x00000000a4300000, 0x00000000a4200000| Untracked 
|  67|0x00000000a4300000, 0x00000000a4400000, 0x00000000a4400000|100%| O|  |TAMS 0x00000000a4400000, 0x00000000a4300000| Untracked 
|  68|0x00000000a4400000, 0x00000000a4500000, 0x00000000a4500000|100%| O|  |TAMS 0x00000000a4500000, 0x00000000a4400000| Untracked 
|  69|0x00000000a4500000, 0x00000000a4600000, 0x00000000a4600000|100%| O|  |TAMS 0x00000000a4600000, 0x00000000a4500000| Untracked 
|  70|0x00000000a4600000, 0x00000000a4700000, 0x00000000a4700000|100%| O|  |TAMS 0x00000000a4700000, 0x00000000a4600000| Untracked 
|  71|0x00000000a4700000, 0x00000000a4800000, 0x00000000a4800000|100%| O|  |TAMS 0x00000000a4800000, 0x00000000a4700000| Untracked 
|  72|0x00000000a4800000, 0x00000000a4900000, 0x00000000a4900000|100%| O|  |TAMS 0x00000000a4900000, 0x00000000a4800000| Untracked 
|  73|0x00000000a4900000, 0x00000000a4a00000, 0x00000000a4a00000|100%| O|  |TAMS 0x00000000a4a00000, 0x00000000a4900000| Untracked 
|  74|0x00000000a4a00000, 0x00000000a4b00000, 0x00000000a4b00000|100%| O|  |TAMS 0x00000000a4b00000, 0x00000000a4a00000| Untracked 
|  75|0x00000000a4b00000, 0x00000000a4c00000, 0x00000000a4c00000|100%| O|  |TAMS 0x00000000a4c00000, 0x00000000a4b00000| Untracked 
|  76|0x00000000a4c00000, 0x00000000a4d00000, 0x00000000a4d00000|100%| O|  |TAMS 0x00000000a4d00000, 0x00000000a4c00000| Untracked 
|  77|0x00000000a4d00000, 0x00000000a4e00000, 0x00000000a4e00000|100%| O|  |TAMS 0x00000000a4e00000, 0x00000000a4d00000| Untracked 
|  78|0x00000000a4e00000, 0x00000000a4f00000, 0x00000000a4f00000|100%| O|  |TAMS 0x00000000a4f00000, 0x00000000a4e00000| Untracked 
|  79|0x00000000a4f00000, 0x00000000a5000000, 0x00000000a5000000|100%| O|  |TAMS 0x00000000a5000000, 0x00000000a4f00000| Untracked 
|  80|0x00000000a5000000, 0x00000000a5100000, 0x00000000a5100000|100%| O|  |TAMS 0x00000000a5100000, 0x00000000a5000000| Untracked 
|  81|0x00000000a5100000, 0x00000000a5200000, 0x00000000a5200000|100%| O|  |TAMS 0x00000000a5200000, 0x00000000a5100000| Untracked 
|  82|0x00000000a5200000, 0x00000000a5300000, 0x00000000a5300000|100%| O|  |TAMS 0x00000000a5300000, 0x00000000a5200000| Untracked 
|  83|0x00000000a5300000, 0x00000000a5400000, 0x00000000a5400000|100%|HS|  |TAMS 0x00000000a5400000, 0x00000000a5300000| Complete 
|  84|0x00000000a5400000, 0x00000000a5500000, 0x00000000a5500000|100%|HC|  |TAMS 0x00000000a5500000, 0x00000000a5400000| Complete 
|  85|0x00000000a5500000, 0x00000000a5600000, 0x00000000a5600000|100%|HS|  |TAMS 0x00000000a5600000, 0x00000000a5500000| Complete 
|  86|0x00000000a5600000, 0x00000000a5700000, 0x00000000a5700000|100%|HC|  |TAMS 0x00000000a5700000, 0x00000000a5600000| Complete 
|  87|0x00000000a5700000, 0x00000000a5800000, 0x00000000a5800000|100%|HC|  |TAMS 0x00000000a5800000, 0x00000000a5700000| Complete 
|  88|0x00000000a5800000, 0x00000000a5900000, 0x00000000a5900000|100%|HC|  |TAMS 0x00000000a5900000, 0x00000000a5800000| Complete 
|  89|0x00000000a5900000, 0x00000000a5a00000, 0x00000000a5a00000|100%| O|  |TAMS 0x00000000a5a00000, 0x00000000a5900000| Untracked 
|  90|0x00000000a5a00000, 0x00000000a5b00000, 0x00000000a5b00000|100%| O|  |TAMS 0x00000000a5b00000, 0x00000000a5a00000| Untracked 
|  91|0x00000000a5b00000, 0x00000000a5c00000, 0x00000000a5c00000|100%| O|  |TAMS 0x00000000a5c00000, 0x00000000a5b00000| Untracked 
|  92|0x00000000a5c00000, 0x00000000a5d00000, 0x00000000a5d00000|100%| O|  |TAMS 0x00000000a5d00000, 0x00000000a5c00000| Untracked 
|  93|0x00000000a5d00000, 0x00000000a5e00000, 0x00000000a5e00000|100%| O|  |TAMS 0x00000000a5e00000, 0x00000000a5d00000| Untracked 
|  94|0x00000000a5e00000, 0x00000000a5f00000, 0x00000000a5f00000|100%| O|  |TAMS 0x00000000a5f00000, 0x00000000a5e00000| Untracked 
|  95|0x00000000a5f00000, 0x00000000a6000000, 0x00000000a6000000|100%| O|  |TAMS 0x00000000a6000000, 0x00000000a5f00000| Untracked 
|  96|0x00000000a6000000, 0x00000000a6100000, 0x00000000a6100000|100%| O|  |TAMS 0x00000000a6100000, 0x00000000a6000000| Untracked 
|  97|0x00000000a6100000, 0x00000000a6200000, 0x00000000a6200000|100%|HS|  |TAMS 0x00000000a6200000, 0x00000000a6100000| Complete 
|  98|0x00000000a6200000, 0x00000000a6300000, 0x00000000a6300000|100%|HC|  |TAMS 0x00000000a6300000, 0x00000000a6200000| Complete 
|  99|0x00000000a6300000, 0x00000000a6400000, 0x00000000a6400000|100%|HS|  |TAMS 0x00000000a6400000, 0x00000000a6300000| Complete 
| 100|0x00000000a6400000, 0x00000000a6500000, 0x00000000a6500000|100%|HC|  |TAMS 0x00000000a6500000, 0x00000000a6400000| Complete 
| 101|0x00000000a6500000, 0x00000000a6600000, 0x00000000a6600000|100%| O|  |TAMS 0x00000000a6600000, 0x00000000a6500000| Untracked 
| 102|0x00000000a6600000, 0x00000000a6700000, 0x00000000a6700000|100%| O|  |TAMS 0x00000000a6700000, 0x00000000a6600000| Untracked 
| 103|0x00000000a6700000, 0x00000000a6800000, 0x00000000a6800000|100%| O|  |TAMS 0x00000000a6800000, 0x00000000a6700000| Untracked 
| 104|0x00000000a6800000, 0x00000000a6900000, 0x00000000a6900000|100%| O|  |TAMS 0x00000000a6900000, 0x00000000a6800000| Untracked 
| 105|0x00000000a6900000, 0x00000000a6a00000, 0x00000000a6a00000|100%| O|  |TAMS 0x00000000a6a00000, 0x00000000a6900000| Untracked 
| 106|0x00000000a6a00000, 0x00000000a6b00000, 0x00000000a6b00000|100%| O|  |TAMS 0x00000000a6b00000, 0x00000000a6a00000| Untracked 
| 107|0x00000000a6b00000, 0x00000000a6c00000, 0x00000000a6c00000|100%| O|  |TAMS 0x00000000a6c00000, 0x00000000a6b00000| Untracked 
| 108|0x00000000a6c00000, 0x00000000a6d00000, 0x00000000a6d00000|100%| O|  |TAMS 0x00000000a6d00000, 0x00000000a6c00000| Untracked 
| 109|0x00000000a6d00000, 0x00000000a6e00000, 0x00000000a6e00000|100%| O|  |TAMS 0x00000000a6e00000, 0x00000000a6d00000| Untracked 
| 110|0x00000000a6e00000, 0x00000000a6f00000, 0x00000000a6f00000|100%|HS|  |TAMS 0x00000000a6f00000, 0x00000000a6e00000| Complete 
| 111|0x00000000a6f00000, 0x00000000a7000000, 0x00000000a7000000|100%|HS|  |TAMS 0x00000000a7000000, 0x00000000a6f00000| Complete 
| 112|0x00000000a7000000, 0x00000000a7100000, 0x00000000a7100000|100%|HS|  |TAMS 0x00000000a7100000, 0x00000000a7000000| Complete 
| 113|0x00000000a7100000, 0x00000000a7200000, 0x00000000a7200000|100%| O|  |TAMS 0x00000000a7200000, 0x00000000a7100000| Untracked 
| 114|0x00000000a7200000, 0x00000000a7300000, 0x00000000a7300000|100%|HS|  |TAMS 0x00000000a7300000, 0x00000000a7200000| Complete 
| 115|0x00000000a7300000, 0x00000000a7400000, 0x00000000a7400000|100%|HC|  |TAMS 0x00000000a7400000, 0x00000000a7300000| Complete 
| 116|0x00000000a7400000, 0x00000000a7500000, 0x00000000a7500000|100%|HC|  |TAMS 0x00000000a7500000, 0x00000000a7400000| Complete 
| 117|0x00000000a7500000, 0x00000000a7600000, 0x00000000a7600000|100%| O|  |TAMS 0x00000000a7600000, 0x00000000a7500000| Untracked 
| 118|0x00000000a7600000, 0x00000000a7700000, 0x00000000a7700000|100%| O|  |TAMS 0x00000000a7700000, 0x00000000a7600000| Untracked 
| 119|0x00000000a7700000, 0x00000000a7800000, 0x00000000a7800000|100%|HS|  |TAMS 0x00000000a7800000, 0x00000000a7700000| Complete 
| 120|0x00000000a7800000, 0x00000000a7900000, 0x00000000a7900000|100%|HC|  |TAMS 0x00000000a7900000, 0x00000000a7800000| Complete 
| 121|0x00000000a7900000, 0x00000000a7a00000, 0x00000000a7a00000|100%| O|  |TAMS 0x00000000a7a00000, 0x00000000a7900000| Untracked 
| 122|0x00000000a7a00000, 0x00000000a7b00000, 0x00000000a7b00000|100%| O|  |TAMS 0x00000000a7b00000, 0x00000000a7a00000| Untracked 
| 123|0x00000000a7b00000, 0x00000000a7c00000, 0x00000000a7c00000|100%| O|  |TAMS 0x00000000a7c00000, 0x00000000a7b00000| Untracked 
| 124|0x00000000a7c00000, 0x00000000a7d00000, 0x00000000a7d00000|100%| O|  |TAMS 0x00000000a7d00000, 0x00000000a7c00000| Untracked 
| 125|0x00000000a7d00000, 0x00000000a7e00000, 0x00000000a7e00000|100%| O|  |TAMS 0x00000000a7e00000, 0x00000000a7d00000| Untracked 
| 126|0x00000000a7e00000, 0x00000000a7f00000, 0x00000000a7f00000|100%| O|  |TAMS 0x00000000a7f00000, 0x00000000a7e00000| Untracked 
| 127|0x00000000a7f00000, 0x00000000a8000000, 0x00000000a8000000|100%| O|  |TAMS 0x00000000a8000000, 0x00000000a7f00000| Untracked 
| 128|0x00000000a8000000, 0x00000000a8100000, 0x00000000a8100000|100%| O|  |TAMS 0x00000000a8100000, 0x00000000a8000000| Untracked 
| 129|0x00000000a8100000, 0x00000000a8200000, 0x00000000a8200000|100%| O|  |TAMS 0x00000000a8200000, 0x00000000a8100000| Untracked 
| 130|0x00000000a8200000, 0x00000000a8300000, 0x00000000a8300000|100%| O|  |TAMS 0x00000000a8300000, 0x00000000a8200000| Untracked 
| 131|0x00000000a8300000, 0x00000000a8400000, 0x00000000a8400000|100%| O|  |TAMS 0x00000000a8400000, 0x00000000a8300000| Untracked 
| 132|0x00000000a8400000, 0x00000000a8500000, 0x00000000a8500000|100%| O|  |TAMS 0x00000000a8500000, 0x00000000a8400000| Untracked 
| 133|0x00000000a8500000, 0x00000000a8600000, 0x00000000a8600000|100%| O|  |TAMS 0x00000000a8600000, 0x00000000a8500000| Untracked 
| 134|0x00000000a8600000, 0x00000000a8700000, 0x00000000a8700000|100%| O|  |TAMS 0x00000000a8700000, 0x00000000a8600000| Untracked 
| 135|0x00000000a8700000, 0x00000000a8800000, 0x00000000a8800000|100%| O|  |TAMS 0x00000000a8800000, 0x00000000a8700000| Untracked 
| 136|0x00000000a8800000, 0x00000000a8900000, 0x00000000a8900000|100%| O|  |TAMS 0x00000000a8900000, 0x00000000a8800000| Untracked 
| 137|0x00000000a8900000, 0x00000000a8a00000, 0x00000000a8a00000|100%| O|  |TAMS 0x00000000a8a00000, 0x00000000a8900000| Untracked 
| 138|0x00000000a8a00000, 0x00000000a8b00000, 0x00000000a8b00000|100%| O|  |TAMS 0x00000000a8b00000, 0x00000000a8a00000| Untracked 
| 139|0x00000000a8b00000, 0x00000000a8c00000, 0x00000000a8c00000|100%|HS|  |TAMS 0x00000000a8c00000, 0x00000000a8b00000| Complete 
| 140|0x00000000a8c00000, 0x00000000a8d00000, 0x00000000a8d00000|100%| O|  |TAMS 0x00000000a8d00000, 0x00000000a8c00000| Untracked 
| 141|0x00000000a8d00000, 0x00000000a8e00000, 0x00000000a8e00000|100%| O|  |TAMS 0x00000000a8e00000, 0x00000000a8d00000| Untracked 
| 142|0x00000000a8e00000, 0x00000000a8f00000, 0x00000000a8f00000|100%| O|  |TAMS 0x00000000a8f00000, 0x00000000a8e00000| Untracked 
| 143|0x00000000a8f00000, 0x00000000a9000000, 0x00000000a9000000|100%| O|  |TAMS 0x00000000a9000000, 0x00000000a8f00000| Untracked 
| 144|0x00000000a9000000, 0x00000000a9100000, 0x00000000a9100000|100%| O|  |TAMS 0x00000000a9100000, 0x00000000a9000000| Untracked 
| 145|0x00000000a9100000, 0x00000000a9200000, 0x00000000a9200000|100%| O|  |TAMS 0x00000000a9200000, 0x00000000a9100000| Untracked 
| 146|0x00000000a9200000, 0x00000000a9300000, 0x00000000a9300000|100%| O|  |TAMS 0x00000000a9300000, 0x00000000a9200000| Untracked 
| 147|0x00000000a9300000, 0x00000000a9400000, 0x00000000a9400000|100%| O|  |TAMS 0x00000000a9400000, 0x00000000a9300000| Untracked 
| 148|0x00000000a9400000, 0x00000000a9500000, 0x00000000a9500000|100%| O|  |TAMS 0x00000000a9500000, 0x00000000a9400000| Untracked 
| 149|0x00000000a9500000, 0x00000000a9600000, 0x00000000a9600000|100%| O|  |TAMS 0x00000000a9600000, 0x00000000a9500000| Untracked 
| 150|0x00000000a9600000, 0x00000000a9700000, 0x00000000a9700000|100%| O|  |TAMS 0x00000000a9700000, 0x00000000a9600000| Untracked 
| 151|0x00000000a9700000, 0x00000000a9800000, 0x00000000a9800000|100%|HS|  |TAMS 0x00000000a9800000, 0x00000000a9700000| Complete 
| 152|0x00000000a9800000, 0x00000000a9900000, 0x00000000a9900000|100%|HS|  |TAMS 0x00000000a9900000, 0x00000000a9800000| Complete 
| 153|0x00000000a9900000, 0x00000000a9a00000, 0x00000000a9a00000|100%| O|  |TAMS 0x00000000a9a00000, 0x00000000a9900000| Untracked 
| 154|0x00000000a9a00000, 0x00000000a9b00000, 0x00000000a9b00000|100%| O|  |TAMS 0x00000000a9b00000, 0x00000000a9a00000| Untracked 
| 155|0x00000000a9b00000, 0x00000000a9c00000, 0x00000000a9c00000|100%| O|  |TAMS 0x00000000a9c00000, 0x00000000a9b00000| Untracked 
| 156|0x00000000a9c00000, 0x00000000a9d00000, 0x00000000a9d00000|100%| O|  |TAMS 0x00000000a9d00000, 0x00000000a9c00000| Untracked 
| 157|0x00000000a9d00000, 0x00000000a9e00000, 0x00000000a9e00000|100%| O|  |TAMS 0x00000000a9e00000, 0x00000000a9d00000| Untracked 
| 158|0x00000000a9e00000, 0x00000000a9f00000, 0x00000000a9f00000|100%| O|  |TAMS 0x00000000a9f00000, 0x00000000a9e00000| Untracked 
| 159|0x00000000a9f00000, 0x00000000aa000000, 0x00000000aa000000|100%| O|  |TAMS 0x00000000aa000000, 0x00000000a9f00000| Untracked 
| 160|0x00000000aa000000, 0x00000000aa100000, 0x00000000aa100000|100%| O|  |TAMS 0x00000000aa100000, 0x00000000aa000000| Untracked 
| 161|0x00000000aa100000, 0x00000000aa200000, 0x00000000aa200000|100%| O|  |TAMS 0x00000000aa200000, 0x00000000aa100000| Untracked 
| 162|0x00000000aa200000, 0x00000000aa300000, 0x00000000aa300000|100%| O|  |TAMS 0x00000000aa300000, 0x00000000aa200000| Untracked 
| 163|0x00000000aa300000, 0x00000000aa387200, 0x00000000aa400000| 52%| O|  |TAMS 0x00000000aa387200, 0x00000000aa300000| Untracked 
| 164|0x00000000aa400000, 0x00000000aa400000, 0x00000000aa500000|  0%| F|  |TAMS 0x00000000aa400000, 0x00000000aa400000| Untracked 
| 165|0x00000000aa500000, 0x00000000aa500000, 0x00000000aa600000|  0%| F|  |TAMS 0x00000000aa500000, 0x00000000aa500000| Untracked 
| 166|0x00000000aa600000, 0x00000000aa600000, 0x00000000aa700000|  0%| F|  |TAMS 0x00000000aa600000, 0x00000000aa600000| Untracked 
| 167|0x00000000aa700000, 0x00000000aa700000, 0x00000000aa800000|  0%| F|  |TAMS 0x00000000aa700000, 0x00000000aa700000| Untracked 
| 168|0x00000000aa800000, 0x00000000aa800000, 0x00000000aa900000|  0%| F|  |TAMS 0x00000000aa800000, 0x00000000aa800000| Untracked 
| 169|0x00000000aa900000, 0x00000000aa900000, 0x00000000aaa00000|  0%| F|  |TAMS 0x00000000aa900000, 0x00000000aa900000| Untracked 
| 170|0x00000000aaa00000, 0x00000000aaa00000, 0x00000000aab00000|  0%| F|  |TAMS 0x00000000aaa00000, 0x00000000aaa00000| Untracked 
| 171|0x00000000aab00000, 0x00000000aab00000, 0x00000000aac00000|  0%| F|  |TAMS 0x00000000aab00000, 0x00000000aab00000| Untracked 
| 172|0x00000000aac00000, 0x00000000aac00000, 0x00000000aad00000|  0%| F|  |TAMS 0x00000000aac00000, 0x00000000aac00000| Untracked 
| 173|0x00000000aad00000, 0x00000000aad00000, 0x00000000aae00000|  0%| F|  |TAMS 0x00000000aad00000, 0x00000000aad00000| Untracked 
| 174|0x00000000aae00000, 0x00000000aae00000, 0x00000000aaf00000|  0%| F|  |TAMS 0x00000000aae00000, 0x00000000aae00000| Untracked 
| 175|0x00000000aaf00000, 0x00000000aaf00000, 0x00000000ab000000|  0%| F|  |TAMS 0x00000000aaf00000, 0x00000000aaf00000| Untracked 
| 176|0x00000000ab000000, 0x00000000ab000000, 0x00000000ab100000|  0%| F|  |TAMS 0x00000000ab000000, 0x00000000ab000000| Untracked 
| 177|0x00000000ab100000, 0x00000000ab100000, 0x00000000ab200000|  0%| F|  |TAMS 0x00000000ab100000, 0x00000000ab100000| Untracked 
| 178|0x00000000ab200000, 0x00000000ab200000, 0x00000000ab300000|  0%| F|  |TAMS 0x00000000ab200000, 0x00000000ab200000| Untracked 
| 179|0x00000000ab300000, 0x00000000ab300000, 0x00000000ab400000|  0%| F|  |TAMS 0x00000000ab300000, 0x00000000ab300000| Untracked 
| 180|0x00000000ab400000, 0x00000000ab400000, 0x00000000ab500000|  0%| F|  |TAMS 0x00000000ab400000, 0x00000000ab400000| Untracked 
| 181|0x00000000ab500000, 0x00000000ab500000, 0x00000000ab600000|  0%| F|  |TAMS 0x00000000ab500000, 0x00000000ab500000| Untracked 
| 182|0x00000000ab600000, 0x00000000ab600000, 0x00000000ab700000|  0%| F|  |TAMS 0x00000000ab600000, 0x00000000ab600000| Untracked 
| 183|0x00000000ab700000, 0x00000000ab700000, 0x00000000ab800000|  0%| F|  |TAMS 0x00000000ab700000, 0x00000000ab700000| Untracked 
| 184|0x00000000ab800000, 0x00000000ab800000, 0x00000000ab900000|  0%| F|  |TAMS 0x00000000ab800000, 0x00000000ab800000| Untracked 
| 185|0x00000000ab900000, 0x00000000ab900000, 0x00000000aba00000|  0%| F|  |TAMS 0x00000000ab900000, 0x00000000ab900000| Untracked 
| 186|0x00000000aba00000, 0x00000000aba00000, 0x00000000abb00000|  0%| F|  |TAMS 0x00000000aba00000, 0x00000000aba00000| Untracked 
| 187|0x00000000abb00000, 0x00000000abb00000, 0x00000000abc00000|  0%| F|  |TAMS 0x00000000abb00000, 0x00000000abb00000| Untracked 
| 188|0x00000000abc00000, 0x00000000abc00000, 0x00000000abd00000|  0%| F|  |TAMS 0x00000000abc00000, 0x00000000abc00000| Untracked 
| 189|0x00000000abd00000, 0x00000000abd00000, 0x00000000abe00000|  0%| F|  |TAMS 0x00000000abd00000, 0x00000000abd00000| Untracked 
| 190|0x00000000abe00000, 0x00000000abe00000, 0x00000000abf00000|  0%| F|  |TAMS 0x00000000abe00000, 0x00000000abe00000| Untracked 
| 191|0x00000000abf00000, 0x00000000abf00000, 0x00000000ac000000|  0%| F|  |TAMS 0x00000000abf00000, 0x00000000abf00000| Untracked 
| 192|0x00000000ac000000, 0x00000000ac000000, 0x00000000ac100000|  0%| F|  |TAMS 0x00000000ac000000, 0x00000000ac000000| Untracked 
| 193|0x00000000ac100000, 0x00000000ac100000, 0x00000000ac200000|  0%| F|  |TAMS 0x00000000ac100000, 0x00000000ac100000| Untracked 
| 194|0x00000000ac200000, 0x00000000ac200000, 0x00000000ac300000|  0%| F|  |TAMS 0x00000000ac200000, 0x00000000ac200000| Untracked 
| 195|0x00000000ac300000, 0x00000000ac300000, 0x00000000ac400000|  0%| F|  |TAMS 0x00000000ac300000, 0x00000000ac300000| Untracked 
| 196|0x00000000ac400000, 0x00000000ac400000, 0x00000000ac500000|  0%| F|  |TAMS 0x00000000ac400000, 0x00000000ac400000| Untracked 
| 197|0x00000000ac500000, 0x00000000ac500000, 0x00000000ac600000|  0%| F|  |TAMS 0x00000000ac500000, 0x00000000ac500000| Untracked 
| 198|0x00000000ac600000, 0x00000000ac600000, 0x00000000ac700000|  0%| F|  |TAMS 0x00000000ac600000, 0x00000000ac600000| Untracked 
| 199|0x00000000ac700000, 0x00000000ac700000, 0x00000000ac800000|  0%| F|  |TAMS 0x00000000ac700000, 0x00000000ac700000| Untracked 
| 200|0x00000000ac800000, 0x00000000ac800000, 0x00000000ac900000|  0%| F|  |TAMS 0x00000000ac800000, 0x00000000ac800000| Untracked 
| 201|0x00000000ac900000, 0x00000000ac900000, 0x00000000aca00000|  0%| F|  |TAMS 0x00000000ac900000, 0x00000000ac900000| Untracked 
| 202|0x00000000aca00000, 0x00000000aca00000, 0x00000000acb00000|  0%| F|  |TAMS 0x00000000aca00000, 0x00000000aca00000| Untracked 
| 203|0x00000000acb00000, 0x00000000acb00000, 0x00000000acc00000|  0%| F|  |TAMS 0x00000000acb00000, 0x00000000acb00000| Untracked 
| 204|0x00000000acc00000, 0x00000000acc00000, 0x00000000acd00000|  0%| F|  |TAMS 0x00000000acc00000, 0x00000000acc00000| Untracked 
| 205|0x00000000acd00000, 0x00000000acd00000, 0x00000000ace00000|  0%| F|  |TAMS 0x00000000acd00000, 0x00000000acd00000| Untracked 
| 206|0x00000000ace00000, 0x00000000ace00000, 0x00000000acf00000|  0%| F|  |TAMS 0x00000000ace00000, 0x00000000ace00000| Untracked 
| 207|0x00000000acf00000, 0x00000000acf00000, 0x00000000ad000000|  0%| F|  |TAMS 0x00000000acf00000, 0x00000000acf00000| Untracked 
| 208|0x00000000ad000000, 0x00000000ad000000, 0x00000000ad100000|  0%| F|  |TAMS 0x00000000ad000000, 0x00000000ad000000| Untracked 
| 209|0x00000000ad100000, 0x00000000ad100000, 0x00000000ad200000|  0%| F|  |TAMS 0x00000000ad100000, 0x00000000ad100000| Untracked 
| 210|0x00000000ad200000, 0x00000000ad200000, 0x00000000ad300000|  0%| F|  |TAMS 0x00000000ad200000, 0x00000000ad200000| Untracked 
| 211|0x00000000ad300000, 0x00000000ad300000, 0x00000000ad400000|  0%| F|  |TAMS 0x00000000ad300000, 0x00000000ad300000| Untracked 
| 212|0x00000000ad400000, 0x00000000ad400000, 0x00000000ad500000|  0%| F|  |TAMS 0x00000000ad400000, 0x00000000ad400000| Untracked 
| 213|0x00000000ad500000, 0x00000000ad500000, 0x00000000ad600000|  0%| F|  |TAMS 0x00000000ad500000, 0x00000000ad500000| Untracked 
| 214|0x00000000ad600000, 0x00000000ad600000, 0x00000000ad700000|  0%| F|  |TAMS 0x00000000ad600000, 0x00000000ad600000| Untracked 
| 215|0x00000000ad700000, 0x00000000ad700000, 0x00000000ad800000|  0%| F|  |TAMS 0x00000000ad700000, 0x00000000ad700000| Untracked 
| 216|0x00000000ad800000, 0x00000000ad800000, 0x00000000ad900000|  0%| F|  |TAMS 0x00000000ad800000, 0x00000000ad800000| Untracked 
| 217|0x00000000ad900000, 0x00000000ad900000, 0x00000000ada00000|  0%| F|  |TAMS 0x00000000ad900000, 0x00000000ad900000| Untracked 
| 218|0x00000000ada00000, 0x00000000ada00000, 0x00000000adb00000|  0%| F|  |TAMS 0x00000000ada00000, 0x00000000ada00000| Untracked 
| 219|0x00000000adb00000, 0x00000000adb00000, 0x00000000adc00000|  0%| F|  |TAMS 0x00000000adb00000, 0x00000000adb00000| Untracked 
| 220|0x00000000adc00000, 0x00000000adc00000, 0x00000000add00000|  0%| F|  |TAMS 0x00000000adc00000, 0x00000000adc00000| Untracked 
| 221|0x00000000add00000, 0x00000000add00000, 0x00000000ade00000|  0%| F|  |TAMS 0x00000000add00000, 0x00000000add00000| Untracked 
| 222|0x00000000ade00000, 0x00000000ade00000, 0x00000000adf00000|  0%| F|  |TAMS 0x00000000ade00000, 0x00000000ade00000| Untracked 
| 223|0x00000000adf00000, 0x00000000adf00000, 0x00000000ae000000|  0%| F|  |TAMS 0x00000000adf00000, 0x00000000adf00000| Untracked 
| 224|0x00000000ae000000, 0x00000000ae000000, 0x00000000ae100000|  0%| F|  |TAMS 0x00000000ae000000, 0x00000000ae000000| Untracked 
| 225|0x00000000ae100000, 0x00000000ae13e040, 0x00000000ae200000| 24%| S|CS|TAMS 0x00000000ae100000, 0x00000000ae100000| Complete 
| 226|0x00000000ae200000, 0x00000000ae300000, 0x00000000ae300000|100%| S|CS|TAMS 0x00000000ae200000, 0x00000000ae200000| Complete 
| 227|0x00000000ae300000, 0x00000000ae400000, 0x00000000ae400000|100%| S|CS|TAMS 0x00000000ae300000, 0x00000000ae300000| Complete 
| 228|0x00000000ae400000, 0x00000000ae500000, 0x00000000ae500000|100%| S|CS|TAMS 0x00000000ae400000, 0x00000000ae400000| Complete 
| 229|0x00000000ae500000, 0x00000000ae500000, 0x00000000ae600000|  0%| F|  |TAMS 0x00000000ae500000, 0x00000000ae500000| Untracked 
| 230|0x00000000ae600000, 0x00000000ae600000, 0x00000000ae700000|  0%| F|  |TAMS 0x00000000ae600000, 0x00000000ae600000| Untracked 
| 231|0x00000000ae700000, 0x00000000ae700000, 0x00000000ae800000|  0%| F|  |TAMS 0x00000000ae700000, 0x00000000ae700000| Untracked 
| 232|0x00000000ae800000, 0x00000000ae800000, 0x00000000ae900000|  0%| F|  |TAMS 0x00000000ae800000, 0x00000000ae800000| Untracked 
| 233|0x00000000ae900000, 0x00000000ae900000, 0x00000000aea00000|  0%| F|  |TAMS 0x00000000ae900000, 0x00000000ae900000| Untracked 
| 234|0x00000000aea00000, 0x00000000aea00000, 0x00000000aeb00000|  0%| F|  |TAMS 0x00000000aea00000, 0x00000000aea00000| Untracked 
| 235|0x00000000aeb00000, 0x00000000aeb00000, 0x00000000aec00000|  0%| F|  |TAMS 0x00000000aeb00000, 0x00000000aeb00000| Untracked 
| 236|0x00000000aec00000, 0x00000000aec00000, 0x00000000aed00000|  0%| F|  |TAMS 0x00000000aec00000, 0x00000000aec00000| Untracked 
| 237|0x00000000aed00000, 0x00000000aed00000, 0x00000000aee00000|  0%| F|  |TAMS 0x00000000aed00000, 0x00000000aed00000| Untracked 
| 238|0x00000000aee00000, 0x00000000aee00000, 0x00000000aef00000|  0%| F|  |TAMS 0x00000000aee00000, 0x00000000aee00000| Untracked 
| 239|0x00000000aef00000, 0x00000000aef00000, 0x00000000af000000|  0%| F|  |TAMS 0x00000000aef00000, 0x00000000aef00000| Untracked 
| 240|0x00000000af000000, 0x00000000af000000, 0x00000000af100000|  0%| F|  |TAMS 0x00000000af000000, 0x00000000af000000| Untracked 
| 241|0x00000000af100000, 0x00000000af100000, 0x00000000af200000|  0%| F|  |TAMS 0x00000000af100000, 0x00000000af100000| Untracked 
| 242|0x00000000af200000, 0x00000000af200000, 0x00000000af300000|  0%| F|  |TAMS 0x00000000af200000, 0x00000000af200000| Untracked 
| 243|0x00000000af300000, 0x00000000af300000, 0x00000000af400000|  0%| F|  |TAMS 0x00000000af300000, 0x00000000af300000| Untracked 
| 244|0x00000000af400000, 0x00000000af400000, 0x00000000af500000|  0%| F|  |TAMS 0x00000000af400000, 0x00000000af400000| Untracked 
| 245|0x00000000af500000, 0x00000000af500000, 0x00000000af600000|  0%| F|  |TAMS 0x00000000af500000, 0x00000000af500000| Untracked 
| 246|0x00000000af600000, 0x00000000af600000, 0x00000000af700000|  0%| F|  |TAMS 0x00000000af600000, 0x00000000af600000| Untracked 
| 247|0x00000000af700000, 0x00000000af700000, 0x00000000af800000|  0%| F|  |TAMS 0x00000000af700000, 0x00000000af700000| Untracked 
| 248|0x00000000af800000, 0x00000000af800000, 0x00000000af900000|  0%| F|  |TAMS 0x00000000af800000, 0x00000000af800000| Untracked 
| 249|0x00000000af900000, 0x00000000af900000, 0x00000000afa00000|  0%| F|  |TAMS 0x00000000af900000, 0x00000000af900000| Untracked 
| 250|0x00000000afa00000, 0x00000000afa00000, 0x00000000afb00000|  0%| F|  |TAMS 0x00000000afa00000, 0x00000000afa00000| Untracked 
| 251|0x00000000afb00000, 0x00000000afb00000, 0x00000000afc00000|  0%| F|  |TAMS 0x00000000afb00000, 0x00000000afb00000| Untracked 
| 252|0x00000000afc00000, 0x00000000afc00000, 0x00000000afd00000|  0%| F|  |TAMS 0x00000000afc00000, 0x00000000afc00000| Untracked 
| 253|0x00000000afd00000, 0x00000000afd00000, 0x00000000afe00000|  0%| F|  |TAMS 0x00000000afd00000, 0x00000000afd00000| Untracked 
| 254|0x00000000afe00000, 0x00000000afe00000, 0x00000000aff00000|  0%| F|  |TAMS 0x00000000afe00000, 0x00000000afe00000| Untracked 
| 255|0x00000000aff00000, 0x00000000aff00000, 0x00000000b0000000|  0%| F|  |TAMS 0x00000000aff00000, 0x00000000aff00000| Untracked 
| 256|0x00000000b0000000, 0x00000000b0000000, 0x00000000b0100000|  0%| F|  |TAMS 0x00000000b0000000, 0x00000000b0000000| Untracked 
| 257|0x00000000b0100000, 0x00000000b0100000, 0x00000000b0200000|  0%| F|  |TAMS 0x00000000b0100000, 0x00000000b0100000| Untracked 
| 258|0x00000000b0200000, 0x00000000b0200000, 0x00000000b0300000|  0%| F|  |TAMS 0x00000000b0200000, 0x00000000b0200000| Untracked 
| 259|0x00000000b0300000, 0x00000000b0300000, 0x00000000b0400000|  0%| F|  |TAMS 0x00000000b0300000, 0x00000000b0300000| Untracked 
| 260|0x00000000b0400000, 0x00000000b0400000, 0x00000000b0500000|  0%| F|  |TAMS 0x00000000b0400000, 0x00000000b0400000| Untracked 
| 261|0x00000000b0500000, 0x00000000b0500000, 0x00000000b0600000|  0%| F|  |TAMS 0x00000000b0500000, 0x00000000b0500000| Untracked 
| 262|0x00000000b0600000, 0x00000000b0600000, 0x00000000b0700000|  0%| F|  |TAMS 0x00000000b0600000, 0x00000000b0600000| Untracked 
| 263|0x00000000b0700000, 0x00000000b0700000, 0x00000000b0800000|  0%| F|  |TAMS 0x00000000b0700000, 0x00000000b0700000| Untracked 
| 264|0x00000000b0800000, 0x00000000b0800000, 0x00000000b0900000|  0%| F|  |TAMS 0x00000000b0800000, 0x00000000b0800000| Untracked 

Card table byte_map: [0x000001dfa1560000,0x000001dfa1860000] _byte_map_base: 0x000001dfa1060000

Marking Bits (Prev, Next): (CMBitMap*) 0x000001df897f8c98, (CMBitMap*) 0x000001df897f8cd0
 Prev Bits: [0x000001dfa1b60000, 0x000001dfa3360000)
 Next Bits: [0x000001dfa3360000, 0x000001dfa4b60000)

Polling page: 0x000001df876b0000

Metaspace:

Usage:
  Non-class:     93.69 MB capacity,    91.10 MB ( 97%) used,     2.24 MB (  2%) free+waste,   355.06 KB ( <1%) overhead. 
      Class:     15.36 MB capacity,    13.68 MB ( 89%) used,     1.52 MB ( 10%) free+waste,   166.31 KB (  1%) overhead. 
       Both:    109.04 MB capacity,   104.78 MB ( 96%) used,     3.76 MB (  3%) free+waste,   521.38 KB ( <1%) overhead. 

Virtual space:
  Non-class space:       94.00 MB reserved,      93.76 MB (>99%) committed 
      Class space:        1.00 GB reserved,      15.38 MB (  2%) committed 
             Both:        1.09 GB reserved,     109.13 MB ( 10%) committed 

Chunk freelists:
   Non-Class:  8.00 KB
       Class:  18.00 KB
        Both:  26.00 KB

MaxMetaspaceSize: 17179869184.00 GB
CompressedClassSpaceSize: 1.00 GB
Initial GC threshold: 20.80 MB
Current GC threshold: 180.02 MB
CDS: off

CodeHeap 'non-profiled nmethods': size=120000Kb used=5749Kb max_used=5749Kb free=114250Kb
 bounds [0x000001df99a00000, 0x000001df99fa0000, 0x000001dfa0f30000]
CodeHeap 'profiled nmethods': size=120000Kb used=24889Kb max_used=24889Kb free=95110Kb
 bounds [0x000001df924d0000, 0x000001df93d20000, 0x000001df99a00000]
CodeHeap 'non-nmethods': size=5760Kb used=2399Kb max_used=2449Kb free=3360Kb
 bounds [0x000001df91f30000, 0x000001df921a0000, 0x000001df924d0000]
 total_blobs=13327 nmethods=12396 adapters=842
 compilation: enabled
              stopped_count=0, restarted_count=0
 full_count=0

Compilation events (20 events):
Event: 44.938 Thread 0x000001dfa75de800 12801       2       org.gradle.internal.Describables$2::<init> (16 bytes)
Event: 44.938 Thread 0x000001dfa75de800 nmethod 12801 0x000001df93d1b210 code [0x000001df93d1b3c0, 0x000001df93d1b558]
Event: 44.938 Thread 0x000001dfa75de800 12802       2       com.android.build.api.variant.impl.ApplicationVariantBuilderImpl_Decorated::getName (40 bytes)
Event: 44.939 Thread 0x000001dfa75de800 nmethod 12802 0x000001df93d1b610 code [0x000001df93d1b820, 0x000001df93d1bb68]
Event: 44.939 Thread 0x000001dfa75de800 12803       1       com.android.build.gradle.internal.dsl.BuildType$AgpDecorated::get_isDebuggable (5 bytes)
Event: 44.939 Thread 0x000001dfa75de800 nmethod 12803 0x000001df99f9d210 code [0x000001df99f9d3c0, 0x000001df99f9d478]
Event: 44.942 Thread 0x000001dfa75de800 12804       2       com.android.build.api.variant.impl.ApplicationVariantImpl_Decorated::getName (40 bytes)
Event: 44.943 Thread 0x000001dfa75de800 nmethod 12804 0x000001df93d1bd90 code [0x000001df93d1bf80, 0x000001df93d1c1b8]
Event: 44.944 Thread 0x000001dfa75de800 12805   !   2       com.sun.proxy.$Proxy108::annotationType (29 bytes)
Event: 44.944 Thread 0x000001dfa75de800 nmethod 12805 0x000001df93d1c310 code [0x000001df93d1c4e0, 0x000001df93d1c738]
Event: 44.948 Thread 0x000001dfa75de800 12806       2       org.gradle.tooling.internal.provider.runner.ClientBuildEventGenerator::finished (128 bytes)
Event: 44.948 Thread 0x000001dfa75de800 nmethod 12806 0x000001df93d1c890 code [0x000001df93d1cb00, 0x000001df93d1cfa8]
Event: 44.950 Thread 0x000001dfa75de800 12807       2       sun.nio.fs.WindowsPath::normalize (5 bytes)
Event: 44.950 Thread 0x000001dfa75de800 nmethod 12807 0x000001df93d1d290 code [0x000001df93d1d440, 0x000001df93d1d548]
Event: 44.984 Thread 0x000001dfa75de800 12808       2       java.lang.invoke.Invokers::checkGenericType (6 bytes)
Event: 44.985 Thread 0x000001dfa75de800 nmethod 12808 0x000001df93d1d610 code [0x000001df93d1d7c0, 0x000001df93d1d928]
Event: 44.986 Thread 0x000001dfa75de800 12809       2       org.gradle.internal.instantiation.generator.AbstractClassGenerator::hasRelevantFields (49 bytes)
Event: 44.986 Thread 0x000001dfa75de800 nmethod 12809 0x000001df93d1da10 code [0x000001df93d1dc00, 0x000001df93d1dea8]
Event: 44.989 Thread 0x000001dfa75de800 12811       2       java.lang.invoke.LambdaFormEditor::bindArgumentI (59 bytes)
Event: 44.989 Thread 0x000001dfa75de800 nmethod 12811 0x000001df93d1e010 code [0x000001df93d1e1e0, 0x000001df93d1e388]

GC Heap History (20 events):
Event: 41.842 GC heap after
{Heap after GC invocations=81 (full 0):
 garbage-first heap   total 155648K, used 138399K [0x00000000a0000000, 0x0000000100000000)
  region size 1024K, 1 young (1024K), 1 survivors (1024K)
 Metaspace       used 99513K, capacity 103256K, committed 103304K, reserved 1138688K
  class space    used 13028K, capacity 14462K, committed 14464K, reserved 1048576K
}
Event: 41.943 GC heap before
{Heap before GC invocations=81 (full 0):
 garbage-first heap   total 155648K, used 144543K [0x00000000a0000000, 0x0000000100000000)
  region size 1024K, 7 young (7168K), 1 survivors (1024K)
 Metaspace       used 99638K, capacity 103433K, committed 103688K, reserved 1138688K
  class space    used 13043K, capacity 14512K, committed 14592K, reserved 1048576K
}
Event: 41.947 GC heap after
{Heap after GC invocations=82 (full 0):
 garbage-first heap   total 155648K, used 140051K [0x00000000a0000000, 0x0000000100000000)
  region size 1024K, 1 young (1024K), 1 survivors (1024K)
 Metaspace       used 99638K, capacity 103433K, committed 103688K, reserved 1138688K
  class space    used 13043K, capacity 14512K, committed 14592K, reserved 1048576K
}
Event: 42.069 GC heap before
{Heap before GC invocations=83 (full 0):
 garbage-first heap   total 155648K, used 146195K [0x00000000a0000000, 0x0000000100000000)
  region size 1024K, 7 young (7168K), 1 survivors (1024K)
 Metaspace       used 99763K, capacity 103734K, committed 103944K, reserved 1138688K
  class space    used 13063K, capacity 14591K, committed 14592K, reserved 1048576K
}
Event: 42.073 GC heap after
{Heap after GC invocations=84 (full 0):
 garbage-first heap   total 217088K, used 141803K [0x00000000a0000000, 0x0000000100000000)
  region size 1024K, 1 young (1024K), 1 survivors (1024K)
 Metaspace       used 99763K, capacity 103734K, committed 103944K, reserved 1138688K
  class space    used 13063K, capacity 14591K, committed 14592K, reserved 1048576K
}
Event: 42.301 GC heap before
{Heap before GC invocations=84 (full 0):
 garbage-first heap   total 217088K, used 157163K [0x00000000a0000000, 0x0000000100000000)
  region size 1024K, 17 young (17408K), 1 survivors (1024K)
 Metaspace       used 99817K, capacity 103821K, committed 104072K, reserved 1138688K
  class space    used 13065K, capacity 14594K, committed 14720K, reserved 1048576K
}
Event: 42.306 GC heap after
{Heap after GC invocations=85 (full 0):
 garbage-first heap   total 217088K, used 145008K [0x00000000a0000000, 0x0000000100000000)
  region size 1024K, 3 young (3072K), 3 survivors (3072K)
 Metaspace       used 99817K, capacity 103821K, committed 104072K, reserved 1138688K
  class space    used 13065K, capacity 14594K, committed 14720K, reserved 1048576K
}
Event: 42.556 GC heap before
{Heap before GC invocations=86 (full 0):
 garbage-first heap   total 217088K, used 164464K [0x00000000a0000000, 0x0000000100000000)
  region size 1024K, 22 young (22528K), 3 survivors (3072K)
 Metaspace       used 100875K, capacity 104881K, committed 105224K, reserved 1140736K
  class space    used 13202K, capacity 14733K, committed 14848K, reserved 1048576K
}
Event: 42.561 GC heap after
{Heap after GC invocations=87 (full 0):
 garbage-first heap   total 217088K, used 148950K [0x00000000a0000000, 0x0000000100000000)
  region size 1024K, 3 young (3072K), 3 survivors (3072K)
 Metaspace       used 100875K, capacity 104881K, committed 105224K, reserved 1140736K
  class space    used 13202K, capacity 14733K, committed 14848K, reserved 1048576K
}
Event: 42.739 GC heap before
{Heap before GC invocations=87 (full 0):
 garbage-first heap   total 217088K, used 168406K [0x00000000a0000000, 0x0000000100000000)
  region size 1024K, 22 young (22528K), 3 survivors (3072K)
 Metaspace       used 101656K, capacity 105684K, committed 105864K, reserved 1140736K
  class space    used 13300K, capacity 14874K, committed 14976K, reserved 1048576K
}
Event: 42.744 GC heap after
{Heap after GC invocations=88 (full 0):
 garbage-first heap   total 217088K, used 151574K [0x00000000a0000000, 0x0000000100000000)
  region size 1024K, 3 young (3072K), 3 survivors (3072K)
 Metaspace       used 101656K, capacity 105684K, committed 105864K, reserved 1140736K
  class space    used 13300K, capacity 14874K, committed 14976K, reserved 1048576K
}
Event: 43.166 GC heap before
{Heap before GC invocations=89 (full 0):
 garbage-first heap   total 217088K, used 171030K [0x00000000a0000000, 0x0000000100000000)
  region size 1024K, 22 young (22528K), 3 survivors (3072K)
 Metaspace       used 102109K, capacity 106259K, committed 106504K, reserved 1140736K
  class space    used 13358K, capacity 14992K, committed 15104K, reserved 1048576K
}
Event: 43.176 GC heap after
{Heap after GC invocations=90 (full 0):
 garbage-first heap   total 271360K, used 154638K [0x00000000a0000000, 0x0000000100000000)
  region size 1024K, 3 young (3072K), 3 survivors (3072K)
 Metaspace       used 102109K, capacity 106259K, committed 106504K, reserved 1140736K
  class space    used 13358K, capacity 14992K, committed 15104K, reserved 1048576K
}
Event: 43.253 GC heap before
{Heap before GC invocations=90 (full 0):
 garbage-first heap   total 271360K, used 159758K [0x00000000a0000000, 0x0000000100000000)
  region size 1024K, 9 young (9216K), 3 survivors (3072K)
 Metaspace       used 102155K, capacity 106345K, committed 106504K, reserved 1140736K
  class space    used 13363K, capacity 14998K, committed 15104K, reserved 1048576K
}
Event: 43.259 GC heap after
{Heap after GC invocations=91 (full 0):
 garbage-first heap   total 271360K, used 155457K [0x00000000a0000000, 0x0000000100000000)
  region size 1024K, 2 young (2048K), 2 survivors (2048K)
 Metaspace       used 102155K, capacity 106345K, committed 106504K, reserved 1140736K
  class space    used 13363K, capacity 14998K, committed 15104K, reserved 1048576K
}
Event: 44.143 GC heap before
{Heap before GC invocations=92 (full 0):
 garbage-first heap   total 271360K, used 190273K [0x00000000a0000000, 0x0000000100000000)
  region size 1024K, 35 young (35840K), 2 survivors (2048K)
 Metaspace       used 102914K, capacity 107192K, committed 107400K, reserved 1142784K
  class space    used 13434K, capacity 15108K, committed 15232K, reserved 1048576K
}
Event: 44.156 GC heap after
{Heap after GC invocations=93 (full 0):
 garbage-first heap   total 271360K, used 167097K [0x00000000a0000000, 0x0000000100000000)
  region size 1024K, 5 young (5120K), 5 survivors (5120K)
 Metaspace       used 102914K, capacity 107192K, committed 107400K, reserved 1142784K
  class space    used 13434K, capacity 15108K, committed 15232K, reserved 1048576K
}
Event: 44.515 GC heap before
{Heap before GC invocations=93 (full 0):
 garbage-first heap   total 271360K, used 198841K [0x00000000a0000000, 0x0000000100000000)
  region size 1024K, 37 young (37888K), 5 survivors (5120K)
 Metaspace       used 105231K, capacity 109623K, committed 109704K, reserved 1144832K
  class space    used 13718K, capacity 15417K, committed 15488K, reserved 1048576K
}
Event: 44.525 GC heap after
{Heap after GC invocations=94 (full 0):
 garbage-first heap   total 271360K, used 169119K [0x00000000a0000000, 0x0000000100000000)
  region size 1024K, 2 young (2048K), 2 survivors (2048K)
 Metaspace       used 105231K, capacity 109623K, committed 109704K, reserved 1144832K
  class space    used 13718K, capacity 15417K, committed 15488K, reserved 1048576K
}
Event: 44.993 GC heap before
{Heap before GC invocations=95 (full 0):
 garbage-first heap   total 271360K, used 203935K [0x00000000a0000000, 0x0000000100000000)
  region size 1024K, 36 young (36864K), 2 survivors (2048K)
 Metaspace       used 107294K, capacity 111662K, committed 111752K, reserved 1144832K
  class space    used 14005K, capacity 15726K, committed 15744K, reserved 1048576K
}

Deoptimization events (20 events):
Event: 44.642 Thread 0x000001dfaded6800 DEOPT PACKING pc=0x000001df937c6ed0 sp=0x0000005a387f8d30
Event: 44.642 Thread 0x000001dfaded6800 DEOPT UNPACKING pc=0x000001df91f7a95e sp=0x0000005a387f8248 mode 0
Event: 44.685 Thread 0x000001dfaded6800 Uncommon trap: trap_request=0xffffffde fr.pc=0x000001df99f50bc4 relative=0x00000000000002e4
Event: 44.685 Thread 0x000001dfaded6800 Uncommon trap: reason=class_check action=maybe_recompile pc=0x000001df99f50bc4 method=org.gradle.api.internal.attributes.DefaultImmutableAttributes.keySet()Lcom/google/common/collect/ImmutableSet; @ 4 c2
Event: 44.685 Thread 0x000001dfaded6800 DEOPT PACKING pc=0x000001df99f50bc4 sp=0x0000005a387f95c0
Event: 44.685 Thread 0x000001dfaded6800 DEOPT UNPACKING pc=0x000001df91f7a1af sp=0x0000005a387f9520 mode 2
Event: 44.687 Thread 0x000001dfaded6800 Uncommon trap: trap_request=0xffffffde fr.pc=0x000001df99f50bc4 relative=0x00000000000002e4
Event: 44.687 Thread 0x000001dfaded6800 Uncommon trap: reason=class_check action=maybe_recompile pc=0x000001df99f50bc4 method=org.gradle.api.internal.attributes.DefaultImmutableAttributes.keySet()Lcom/google/common/collect/ImmutableSet; @ 4 c2
Event: 44.687 Thread 0x000001dfaded6800 DEOPT PACKING pc=0x000001df99f50bc4 sp=0x0000005a387f95f0
Event: 44.687 Thread 0x000001dfaded6800 DEOPT UNPACKING pc=0x000001df91f7a1af sp=0x0000005a387f9548 mode 2
Event: 44.687 Thread 0x000001dfaded6800 Uncommon trap: trap_request=0xffffffde fr.pc=0x000001df99f50bc4 relative=0x00000000000002e4
Event: 44.687 Thread 0x000001dfaded6800 Uncommon trap: reason=class_check action=maybe_recompile pc=0x000001df99f50bc4 method=org.gradle.api.internal.attributes.DefaultImmutableAttributes.keySet()Lcom/google/common/collect/ImmutableSet; @ 4 c2
Event: 44.687 Thread 0x000001dfaded6800 DEOPT PACKING pc=0x000001df99f50bc4 sp=0x0000005a387f9550
Event: 44.687 Thread 0x000001dfaded6800 DEOPT UNPACKING pc=0x000001df91f7a1af sp=0x0000005a387f94a8 mode 2
Event: 44.730 Thread 0x000001dfaded6800 DEOPT PACKING pc=0x000001df92f4bd27 sp=0x0000005a387f9450
Event: 44.730 Thread 0x000001dfaded6800 DEOPT UNPACKING pc=0x000001df91f7a95e sp=0x0000005a387f88e0 mode 0
Event: 44.902 Thread 0x000001dfaded6800 DEOPT PACKING pc=0x000001df92f4bd27 sp=0x0000005a387f9450
Event: 44.902 Thread 0x000001dfaded6800 DEOPT UNPACKING pc=0x000001df91f7a95e sp=0x0000005a387f88e0 mode 0
Event: 44.908 Thread 0x000001dfaded6800 DEOPT PACKING pc=0x000001df937c6ed0 sp=0x0000005a387f8d70
Event: 44.908 Thread 0x000001dfaded6800 DEOPT UNPACKING pc=0x000001df91f7a95e sp=0x0000005a387f8288 mode 0

Classes redefined (0 events):
No events

Internal exceptions (20 events):
Event: 43.317 Thread 0x000001dfa9335000 Exception <a 'java/security/PrivilegedActionException'{0x00000000b07db1f0}> (0x00000000b07db1f0) thrown at [s\src\hotspot\share\prims\jvm.cpp, line 1306]
Event: 43.317 Thread 0x000001dfa9335000 Exception <a 'java/security/PrivilegedActionException'{0x00000000b07dca00}> (0x00000000b07dca00) thrown at [s\src\hotspot\share\prims\jvm.cpp, line 1306]
Event: 43.317 Thread 0x000001dfa9335000 Exception <a 'java/security/PrivilegedActionException'{0x00000000b07e0128}> (0x00000000b07e0128) thrown at [s\src\hotspot\share\prims\jvm.cpp, line 1306]
Event: 43.317 Thread 0x000001dfa9335000 Exception <a 'java/security/PrivilegedActionException'{0x00000000b07e1938}> (0x00000000b07e1938) thrown at [s\src\hotspot\share\prims\jvm.cpp, line 1306]
Event: 43.317 Thread 0x000001dfa9335000 Exception <a 'java/security/PrivilegedActionException'{0x00000000b07e50e8}> (0x00000000b07e50e8) thrown at [s\src\hotspot\share\prims\jvm.cpp, line 1306]
Event: 43.317 Thread 0x000001dfa9335000 Exception <a 'java/security/PrivilegedActionException'{0x00000000b07e68f8}> (0x00000000b07e68f8) thrown at [s\src\hotspot\share\prims\jvm.cpp, line 1306]
Event: 43.362 Thread 0x000001dfa9335000 Exception <a 'java/lang/ClassNotFoundException'{0x00000000b0452580}: build_q64x6053r160xs7qf1z4x7f5$_run_closure1BeanInfo> (0x00000000b0452580) thrown at [s\src\hotspot\share\classfile\systemDictionary.cpp, line 230]
Event: 43.363 Thread 0x000001dfa9335000 Exception <a 'java/lang/ClassNotFoundException'{0x00000000b046af80}: build_q64x6053r160xs7qf1z4x7f5$_run_closure1Customizer> (0x00000000b046af80) thrown at [s\src\hotspot\share\classfile\systemDictionary.cpp, line 230]
Event: 43.404 Thread 0x000001dfa9335000 Exception <a 'java/lang/NoClassDefFoundError'{0x00000000b00d16f8}: org/jetbrains/kotlin/gradle/plugin/KotlinBasePluginWrapper> (0x00000000b00d16f8) thrown at [s\src\hotspot\share\oops\constantPool.cpp, line 775]
Event: 43.872 Thread 0x000001dfa9335000 Exception <a 'java/lang/NoSuchMethodError'{0x00000000aed6d5b8}: 'org.gradle.internal.buildoption.BuildOption$Value org.gradle.api.internal.StartParameterInternal.getIsolatedProjects()'> (0x00000000aed6d5b8) thrown at [s\src\hotspot\share\interpreter\linkResolver.cpp, line 773]
Event: 44.183 Thread 0x000001dfa9335000 Exception <a 'java/lang/NoSuchMethodError'{0x00000000b07fdb68}: 'org.gradle.internal.buildoption.BuildOption$Value org.gradle.api.internal.StartParameterInternal.getConfigurationCache()'> (0x00000000b07fdb68) thrown at [s\src\hotspot\share\interpreter\linkResolver.cpp, line 773]
Event: 44.208 Thread 0x000001dfa9335000 Exception <a 'java/lang/NoSuchMethodError'{0x00000000b0507928}: <clinit>> (0x00000000b0507928) thrown at [s\src\hotspot\share\prims\jni.cpp, line 1367]
Event: 44.222 Thread 0x000001dfa9335000 Exception <a 'java/lang/NoSuchMethodError'{0x00000000b0583690}: <clinit>> (0x00000000b0583690) thrown at [s\src\hotspot\share\prims\jni.cpp, line 1367]
Event: 44.223 Thread 0x000001dfa9335000 Exception <a 'java/lang/NoSuchMethodError'{0x00000000b0588650}: 'void java.lang.invoke.DirectMethodHandle$Holder.invokeSpecial(java.lang.Object, java.lang.Object, java.lang.Object, int)'> (0x00000000b0588650) thrown at [s\src\hotspot\share\interpreter\linkResolver.cpp, line 773]
Event: 44.268 Thread 0x000001dfa9335000 Exception <a 'sun/nio/fs/WindowsException'{0x00000000b03c89c0}> (0x00000000b03c89c0) thrown at [s\src\hotspot\share\prims\jni.cpp, line 617]
Event: 44.314 Thread 0x000001dfa9335000 Implicit null exception at 0x000001df99eebe3c to 0x000001df99eec99c
Event: 44.344 Thread 0x000001dfaded6800 Exception <a 'java/lang/NoSuchMethodError'{0x00000000afcc2608}: 'void java.lang.invoke.DirectMethodHandle$Holder.invokeVirtual(java.lang.Object, java.lang.Object)'> (0x00000000afcc2608) thrown at [s\src\hotspot\share\interpreter\linkResolver.cpp, line 773]
Event: 44.874 Thread 0x000001dfaded6800 Exception <a 'java/lang/NoSuchMethodError'{0x00000000af0c9558}: 'java.lang.Object java.lang.invoke.DirectMethodHandle$Holder.invokeStatic(java.lang.Object, java.lang.Object, java.lang.Object, java.lang.Object, java.lang.Object, java.lang.Object, int)'> (0x00000000af0c9558) thrown at [s\src\hotspot\share\interpreter\linkResolver.cpp, line 773]
Event: 44.875 Thread 0x000001dfaded6800 Exception <a 'java/lang/NoSuchMethodError'{0x00000000af0e0f98}: 'java.lang.Object java.lang.invoke.DirectMethodHandle$Holder.invokeStatic(java.lang.Object, java.lang.Object, java.lang.Object, java.lang.Object, java.lang.Object, java.lang.Object, int, int)'> (0x00000000af0e0f98) thrown at [s\src\hotspot\share\interpreter\linkResolver.cpp, line 773]
Event: 44.876 Thread 0x000001dfaded6800 Exception <a 'java/lang/NoSuchMethodError'{0x00000000af0f9b98}: 'java.lang.Object java.lang.invoke.DirectMethodHandle$Holder.invokeStatic(java.lang.Object, java.lang.Object, java.lang.Object, java.lang.Object, java.lang.Object, java.lang.Object, int, int, java.lang.Object)'> (0x00000000af0f9b98) thrown at [s\src\hotspot\share\interpreter\linkResolver.cpp, line 773]

Events (20 events):
Event: 44.983 loading class org/gradle/api/Task done
Event: 44.983 loading class org/gradle/api/Task
Event: 44.983 loading class org/gradle/api/Task done
Event: 44.983 loading class com/android/build/gradle/internal/tasks/UninstallTask
Event: 44.983 loading class com/android/build/gradle/internal/tasks/UninstallTask done
Event: 44.988 loading class org/gradle/internal/component/external/model/ImmutableCapability
Event: 44.988 loading class org/gradle/internal/component/external/model/ImmutableCapability done
Event: 44.989 loading class org/gradle/api/capabilities/Capability
Event: 44.989 loading class org/gradle/api/capabilities/Capability done
Event: 44.989 loading class com/android/build/gradle/internal/tasks/featuresplit/PackagedDependenciesWriterTask$CreationAction$configure$1$1$1
Event: 44.989 loading class com/android/build/gradle/internal/tasks/featuresplit/PackagedDependenciesWriterTask$CreationAction$configure$1$1$1 done
Event: 44.990 loading class com/android/build/gradle/internal/tasks/featuresplit/PackagedDependenciesWriterTaskKt
Event: 44.990 loading class com/android/build/gradle/internal/tasks/featuresplit/PackagedDependenciesWriterTaskKt done
Event: 44.991 loading class com/android/build/gradle/internal/tasks/featuresplit/PackagedDependenciesWriterTaskKt$aarOrJarType$1
Event: 44.991 loading class com/android/build/gradle/internal/tasks/featuresplit/PackagedDependenciesWriterTaskKt$aarOrJarType$1 done
Event: 44.991 loading class com/android/build/gradle/internal/tasks/featuresplit/PackagedDependenciesWriterTask$CreationAction$configure$1$1$1$1
Event: 44.991 loading class com/android/build/gradle/internal/tasks/featuresplit/PackagedDependenciesWriterTask$CreationAction$configure$1$1$1$1 done
Event: 44.992 Executing VM operation: RevokeBias
Event: 44.992 Executing VM operation: RevokeBias done
Event: 44.993 Executing VM operation: G1CollectForAllocation


Dynamic libraries:
0x00007ff6b3450000 - 0x00007ff6b345d000 	C:\Program Files\Microsoft\jdk-11.0.20.8-hotspot\bin\java.exe
0x00007fffba250000 - 0x00007fffba467000 	C:\WINDOWS\SYSTEM32\ntdll.dll
0x00007fffb9d10000 - 0x00007fffb9dd4000 	C:\WINDOWS\System32\KERNEL32.DLL
0x00007fffb7890000 - 0x00007fffb7c36000 	C:\WINDOWS\System32\KERNELBASE.dll
0x00007fffb7d60000 - 0x00007fffb7e71000 	C:\WINDOWS\System32\ucrtbase.dll
0x00007fff87110000 - 0x00007fff87127000 	C:\Program Files\Microsoft\jdk-11.0.20.8-hotspot\bin\jli.dll
0x00007fff7aea0000 - 0x00007fff7aeb5000 	C:\Program Files\Microsoft\jdk-11.0.20.8-hotspot\bin\VCRUNTIME140.dll
0x00007fffb8a70000 - 0x00007fffb8c1d000 	C:\WINDOWS\System32\USER32.dll
0x00007fffa2620000 - 0x00007fffa28b3000 	C:\WINDOWS\WinSxS\amd64_microsoft.windows.common-controls_6595b64144ccf1df_6.0.22621.2361_none_2712ced57382f843\COMCTL32.dll
0x00007fffb7860000 - 0x00007fffb7886000 	C:\WINDOWS\System32\win32u.dll
0x00007fffb9710000 - 0x00007fffb9739000 	C:\WINDOWS\System32\GDI32.dll
0x00007fffb9a30000 - 0x00007fffb9ad7000 	C:\WINDOWS\System32\msvcrt.dll
0x00007fffb75d0000 - 0x00007fffb76e8000 	C:\WINDOWS\System32\gdi32full.dll
0x00007fffb7c40000 - 0x00007fffb7cda000 	C:\WINDOWS\System32\msvcp_win.dll
0x00007fffb8480000 - 0x00007fffb84b1000 	C:\WINDOWS\System32\IMM32.DLL
0x00007fff56af0000 - 0x00007fff56b8b000 	C:\Program Files\Microsoft\jdk-11.0.20.8-hotspot\bin\msvcp140.dll
0x00007ffee7110000 - 0x00007ffee7ca6000 	C:\Program Files\Microsoft\jdk-11.0.20.8-hotspot\bin\server\jvm.dll
0x00007fffb7fb0000 - 0x00007fffb8060000 	C:\WINDOWS\System32\ADVAPI32.dll
0x00007fffb89c0000 - 0x00007fffb8a66000 	C:\WINDOWS\System32\sechost.dll
0x00007fffb95f0000 - 0x00007fffb9707000 	C:\WINDOWS\System32\RPCRT4.dll
0x00007fffb9af0000 - 0x00007fffb9af8000 	C:\WINDOWS\System32\PSAPI.DLL
0x00007fff8b3a0000 - 0x00007fff8b3a9000 	C:\WINDOWS\SYSTEM32\WSOCK32.dll
0x00007fffb0270000 - 0x00007fffb02a4000 	C:\WINDOWS\SYSTEM32\WINMM.dll
0x00007fffba190000 - 0x00007fffba201000 	C:\WINDOWS\System32\WS2_32.dll
0x00007fffb16c0000 - 0x00007fffb16ca000 	C:\WINDOWS\SYSTEM32\VERSION.dll
0x00007fffb6660000 - 0x00007fffb6678000 	C:\WINDOWS\SYSTEM32\kernel.appcore.dll
0x00007fff8b340000 - 0x00007fff8b350000 	C:\Program Files\Microsoft\jdk-11.0.20.8-hotspot\bin\verify.dll
0x00007fffb48b0000 - 0x00007fffb4ade000 	C:\WINDOWS\SYSTEM32\DBGHELP.DLL
0x00007fffb80f0000 - 0x00007fffb847a000 	C:\WINDOWS\System32\combase.dll
0x00007fffb9510000 - 0x00007fffb95e7000 	C:\WINDOWS\System32\OLEAUT32.dll
0x00007fff9ba60000 - 0x00007fff9ba92000 	C:\WINDOWS\SYSTEM32\dbgcore.DLL
0x00007fffb7ce0000 - 0x00007fffb7d5a000 	C:\WINDOWS\System32\bcryptPrimitives.dll
0x00007fff5d600000 - 0x00007fff5d628000 	C:\Program Files\Microsoft\jdk-11.0.20.8-hotspot\bin\java.dll
0x00007fff8b190000 - 0x00007fff8b19a000 	C:\Program Files\Microsoft\jdk-11.0.20.8-hotspot\bin\jimage.dll
0x00007fff7aa10000 - 0x00007fff7aa28000 	C:\Program Files\Microsoft\jdk-11.0.20.8-hotspot\bin\zip.dll
0x00007fffb8c20000 - 0x00007fffb9478000 	C:\WINDOWS\System32\SHELL32.dll
0x00007fffb54f0000 - 0x00007fffb5de2000 	C:\WINDOWS\SYSTEM32\windows.storage.dll
0x00007fffb53b0000 - 0x00007fffb54ee000 	C:\WINDOWS\SYSTEM32\wintypes.dll
0x00007fffba090000 - 0x00007fffba183000 	C:\WINDOWS\System32\SHCORE.dll
0x00007fffb9e90000 - 0x00007fffb9eee000 	C:\WINDOWS\System32\shlwapi.dll
0x00007fffb7500000 - 0x00007fffb7526000 	C:\WINDOWS\SYSTEM32\profapi.dll
0x00007fff607f0000 - 0x00007fff60809000 	C:\Program Files\Microsoft\jdk-11.0.20.8-hotspot\bin\net.dll
0x00007fffb0dc0000 - 0x00007fffb0ef7000 	C:\WINDOWS\SYSTEM32\WINHTTP.dll
0x00007fffb6b40000 - 0x00007fffb6ba9000 	C:\WINDOWS\system32\mswsock.dll
0x00007fff63510000 - 0x00007fff63523000 	C:\Program Files\Microsoft\jdk-11.0.20.8-hotspot\bin\nio.dll
0x00007fffb3e00000 - 0x00007fffb3e27000 	C:\Users\Nutdanai\.gradle\native\68d5fa5c4cc2d200863cafc0d521ce42e7d3e7ee720ec0a83991735586a16f82\windows-amd64\native-platform.dll
0x00007fff75a70000 - 0x00007fff75bb4000 	C:\Users\Nutdanai\.gradle\native\e376f236ea51e6404a007f0833ffe2c6e607c4080706a723a18a27aeea778392\windows-amd64\native-platform-file-events.dll
0x00007fff89840000 - 0x00007fff89849000 	C:\Program Files\Microsoft\jdk-11.0.20.8-hotspot\bin\management.dll
0x00007fff897f0000 - 0x00007fff897fb000 	C:\Program Files\Microsoft\jdk-11.0.20.8-hotspot\bin\management_ext.dll
0x00007fffb6d60000 - 0x00007fffb6d7b000 	C:\WINDOWS\SYSTEM32\CRYPTSP.dll
0x00007fffb6620000 - 0x00007fffb6655000 	C:\WINDOWS\system32\rsaenh.dll
0x00007fffb6c00000 - 0x00007fffb6c2c000 	C:\WINDOWS\SYSTEM32\USERENV.dll
0x00007fffb6f70000 - 0x00007fffb6f98000 	C:\WINDOWS\SYSTEM32\bcrypt.dll
0x00007fffb6d80000 - 0x00007fffb6d8c000 	C:\WINDOWS\SYSTEM32\CRYPTBASE.dll
0x00007fffb60c0000 - 0x00007fffb60ed000 	C:\WINDOWS\SYSTEM32\IPHLPAPI.DLL
0x00007fffb9760000 - 0x00007fffb9769000 	C:\WINDOWS\System32\NSI.dll
0x00007fffb0da0000 - 0x00007fffb0db9000 	C:\WINDOWS\SYSTEM32\dhcpcsvc6.DLL
0x00007fffb0d30000 - 0x00007fffb0d4f000 	C:\WINDOWS\SYSTEM32\dhcpcsvc.DLL
0x00007fffb6130000 - 0x00007fffb6229000 	C:\WINDOWS\SYSTEM32\DNSAPI.dll

dbghelp: loaded successfully - version: 4.0.5 - missing functions: none
symbol engine: initialized successfully - sym options: 0x614 - pdb path: .;C:\Program Files\Microsoft\jdk-11.0.20.8-hotspot\bin;C:\WINDOWS\SYSTEM32;C:\WINDOWS\WinSxS\amd64_microsoft.windows.common-controls_6595b64144ccf1df_6.0.22621.2361_none_2712ced57382f843;C:\Program Files\Microsoft\jdk-11.0.20.8-hotspot\bin\server;C:\Users\Nutdanai\.gradle\native\68d5fa5c4cc2d200863cafc0d521ce42e7d3e7ee720ec0a83991735586a16f82\windows-amd64;C:\Users\Nutdanai\.gradle\native\e376f236ea51e6404a007f0833ffe2c6e607c4080706a723a18a27aeea778392\windows-amd64

VM Arguments:
jvm_args: --add-opens=java.base/java.util=ALL-UNNAMED --add-opens=java.base/java.lang=ALL-UNNAMED --add-opens=java.base/java.lang.invoke=ALL-UNNAMED --add-opens=java.prefs/java.util.prefs=ALL-UNNAMED --add-opens=java.base/java.nio.charset=ALL-UNNAMED --add-opens=java.base/java.net=ALL-UNNAMED --add-opens=java.base/java.util.concurrent.atomic=ALL-UNNAMED -Xmx1536m -Dfile.encoding=x-windows-874 -Duser.country=US -Duser.language=en -Duser.variant 
java_command: org.gradle.launcher.daemon.bootstrap.GradleDaemon 8.0.1
java_class_path (initial): C:\Users\Nutdanai\.gradle\wrapper\dists\gradle-8.0.1-all\aro4hu1c3oeioove7l0i4i14o\gradle-8.0.1\lib\gradle-launcher-8.0.1.jar
Launcher Type: SUN_STANDARD

[Global flags]
     intx CICompilerCount                          = 4                                         {product} {ergonomic}
     uint ConcGCThreads                            = 2                                         {product} {ergonomic}
     uint G1ConcRefinementThreads                  = 8                                         {product} {ergonomic}
   size_t G1HeapRegionSize                         = 1048576                                   {product} {ergonomic}
    uintx GCDrainStackTargetSize                   = 64                                        {product} {ergonomic}
   size_t InitialHeapSize                          = 132120576                                 {product} {ergonomic}
   size_t MarkStackSize                            = 4194304                                   {product} {ergonomic}
   size_t MaxHeapSize                              = 1610612736                                {product} {command line}
   size_t MaxNewSize                               = 965738496                                 {product} {ergonomic}
   size_t MinHeapDeltaBytes                        = 1048576                                   {product} {ergonomic}
    uintx NonNMethodCodeHeapSize                   = 5836300                                {pd product} {ergonomic}
    uintx NonProfiledCodeHeapSize                  = 122910970                              {pd product} {ergonomic}
    uintx ProfiledCodeHeapSize                     = 122910970                              {pd product} {ergonomic}
    uintx ReservedCodeCacheSize                    = 251658240                              {pd product} {ergonomic}
     bool SegmentedCodeCache                       = true                                      {product} {ergonomic}
     bool UseCompressedClassPointers               = true                                 {lp64_product} {ergonomic}
     bool UseCompressedOops                        = true                                 {lp64_product} {ergonomic}
     bool UseG1GC                                  = true                                      {product} {ergonomic}
     bool UseLargePagesIndividualAllocation        = false                                  {pd product} {ergonomic}

Logging:
Log output configuration:
 #0: stdout all=warning uptime,level,tags
 #1: stderr all=off uptime,level,tags

Environment Variables:
CLASSPATH=C:\App\Travel\android\\gradle\wrapper\gradle-wrapper.jar
PATH=C:\App\Travel\node_modules\.bin;C:\App\Travel\node_modules\.bin;C:\App\node_modules\.bin;C:\node_modules\.bin;C:\Program Files\nodejs\node_modules\npm\node_modules\@npmcli\run-script\lib\node-gyp-bin;C:\App\Travel\node_modules\.bin;C:\App\node_modules\.bin;C:\node_modules\.bin;C:\Program Files\nodejs\node_modules\npm\node_modules\@npmcli\run-script\lib\node-gyp-bin;C:\Program Files\PowerShell\7;C:\Program Files\Microsoft\jdk-11.0.20.8-hotspot\bin;C:\Program Files (x86)\Common Files\Oracle\Java\javapath;C:\ProgramData\Oracle\Java\javapath;C:\Windows\system32;C:\Windows;C:\Windows\System32\Wbem;C:\Windows\System32\WindowsPowerShell\v1.0\;C:\Windows\System32\OpenSSH\;C:\Program Files (x86)\NVIDIA Corporation\PhysX\Common;C:\WINDOWS\system32;C:\WINDOWS;C:\WINDOWS\System32\Wbem;C:\WINDOWS\System32\WindowsPowerShell\v1.0\;C:\WINDOWS\System32\OpenSSH\;C:\Program Files (x86)\Microsoft SQL Server\100\Tools\Binn\;C:\Program Files\Microsoft SQL Server\100\Tools\Binn\;C:\Program Files\Microsoft SQL Server\100\DTS\Binn\;C:\src\flutter\bin;C:\Program Files\Microsoft SQL Server\150\Tools\Binn\;C:\Program Files\Microsoft SQL Server\Client SDK\ODBC\170\Tools\Binn\;C:\Users\Nutdanai\AppData\Local\Android\Sdk;%ANDROID%tools;%ANDROID%tools\bin;%ANDROID%platfrom-tools;C:\Users\Nutdanai\AppData\Local\Android\Sdk\tools;C:\Users\Nutdanai\AppData\Local\Android\Sdk\platfrom-tools;C:\Program Files\Git\cmd;C:\Program Files\Docker\Docker\resources\bin;C:\Users\Nutdanai\AppData\Roaming\nvm;C:\Program Files\nodejs;C:\Users\Nutdanai\AppData\Roaming\nvm;C:\Program Files\dotnet\;C:\Program Files\nodejs\;C:\ProgramData\chocolatey\bin;C:\Program Files\PowerShell\7\;C:\Users\Nutdanai\AppData\Local\Programs\Python\Python39\Scripts\;C:\Users\Nutdanai\AppData\Local\Programs\Python\Python39\;node_modules\npm;C:\Users\Nutdanai\AppData\Local\Programs\Microsoft VS Code\bin;C:\Users\Nutdanai\AppData\Local\GitHubDesktop\bin;C:\Users\Nutdanai\AppData\Roaming\nvm;C:\Program Files\nodejs;C:\Users\Nutdanai\AppDat
USERNAME=Nutdanai
LANG=en_US.UTF-8
OS=Windows_NT
PROCESSOR_IDENTIFIER=Intel64 Family 6 Model 165 Stepping 2, GenuineIntel
TMP=C:\Users\Nutdanai\AppData\Local\Temp
TEMP=C:\Users\Nutdanai\AppData\Local\Temp



---------------  S Y S T E M  ---------------

OS: Windows 11 , 64 bit Build 22621 (10.0.22621.2428)
OS uptime: 8 days 18:25 hours
Hyper-V role detected

CPU:total 8 (initial active 8) (4 cores per cpu, 2 threads per core) family 6 model 165 stepping 2 microcode 0xe0, cmov, cx8, fxsr, mmx, sse, sse2, sse3, ssse3, sse4.1, sse4.2, popcnt, avx, avx2, aes, clmul, erms, 3dnowpref, lzcnt, ht, tsc, tscinvbit, bmi1, bmi2, adx, fma

Memory: 4k page, system-wide physical 8029M (274M free)
TotalPageFile size 32605M (AvailPageFile size 9M)
current process WorkingSet (physical memory assigned to process): 501M, peak: 501M
current process commit charge ("private bytes"): 615M, peak: 668M

vm_info: OpenJDK 64-Bit Server VM (11.0.20+8-LTS) for windows-amd64 JRE (11.0.20+8-LTS), built on Jul  7 2023 17:05:21 by "MicrosoftCorporation" with MS VC++ 15.9 (VS2017)

END.
